starting work on 14
./
./19790101.grid_spec.tile6.nc
./19790101.atmos_diurnal.tile6.nc
./19790101.atmos_diurnal.tile4.nc
./19790101.grid_spec.tile4.nc
./19790101.atmos_diurnal.tile5.nc
./19790101.grid_spec.tile5.nc
./19790101.grid_spec.tile1.nc
./19790101.atmos_diurnal.tile1.nc
./19790101.atmos_diurnal.tile2.nc
./19790101.grid_spec.tile2.nc
./19790101.atmos_diurnal.tile3.nc
./19790101.grid_spec.tile3.nc
./19790101.atmos_8xdaily.tile3.nc
./19790101.atmos_month_aer.tile2.nc
./19790101.atmos_tracer.tile6.nc
./19790101.atmos_month_aer.tile3.nc
./19790101.atmos_scalar.nc
./19790101.atmos_month.tile1.nc
./19790101.atmos_8xdaily.tile2.nc
./19790101.atmos_daily.tile6.nc
./19790101.atmos_4xdaily.tile6.nc
./19790101.atmos_daily.tile4.nc
./19790101.atmos_4xdaily.tile4.nc
./19790101.atmos_month.tile3.nc
./19790101.atmos_month_aer.tile1.nc
./19790101.atmos_tracer.tile4.nc
./19790101.atmos_8xdaily.tile1.nc
./19790101.atmos_month.tile2.nc
./19790101.atmos_tracer.tile5.nc
./19790101.atmos_4xdaily.tile5.nc
./19790101.atmos_daily.tile5.nc
./19790101.atmos_month_aer.tile4.nc
./19790101.atmos_tracer.tile1.nc
./19790101.atmos_month.tile6.nc
./19790101.atmos_8xdaily.tile5.nc
./19790101.atmos_daily.tile1.nc
./19790101.atmos_4xdaily.tile1.nc
./19790101.atmos_8xdaily.tile4.nc
./19790101.atmos_month_aer.tile5.nc
./19790101.atmos_8xdaily.tile6.nc
./19790101.atmos_month.tile5.nc
./19790101.atmos_tracer.tile2.nc
./19790101.atmos_4xdaily.tile2.nc
./19790101.atmos_daily.tile2.nc
./19790101.atmos_daily.tile3.nc
./19790101.atmos_4xdaily.tile3.nc
./19790101.atmos_month.tile4.nc
./19790101.atmos_tracer.tile3.nc
./19790101.atmos_month_aer.tile6.nc
finished unzipping 14
