starting work on 7
Cloning into 'FREgrid'...
‘./FREgrid/C96_grid.tile1.nc’ -> ‘./C96_grid.tile1.nc’
‘./FREgrid/C96_grid.tile2.nc’ -> ‘./C96_grid.tile2.nc’
‘./FREgrid/C96_grid.tile3.nc’ -> ‘./C96_grid.tile3.nc’
‘./FREgrid/C96_grid.tile4.nc’ -> ‘./C96_grid.tile4.nc’
‘./FREgrid/C96_grid.tile5.nc’ -> ‘./C96_grid.tile5.nc’
‘./FREgrid/C96_grid.tile6.nc’ -> ‘./C96_grid.tile6.nc’
‘./FREgrid/C96_mosaic.nc’ -> ‘./C96_mosaic.nc’
‘./FREgrid/GridRunner’ -> ‘./GridRunner’
‘./FREgrid/grid_spec.nc’ -> ‘./grid_spec.nc’
‘./FREgrid/mborrus@login.sherlock.stanford.edu’ -> ‘./mborrus@login.sherlock.stanford.edu’
‘./FREgrid/README.md’ -> ‘./README.md’
****fregrid: first order conservative scheme will be used for regridding.
Memuse(MB) at Before calling get_input_grid, min=5.89453, max=5.89453, avg=5.89453
Memuse(MB) at After calling get_input_grid, min=9.90234, max=9.90234, avg=9.90234
Memuse(MB) at After calling get_output_grid, min=9.90234, max=9.90234, avg=9.90234
Memuse(MB) at After get_input_output_cell_area, min=9.92578, max=9.92578, avg=9.92578
Input: filename=19790101.atmos_daily.tile1.nc, nvar=10, format=2
Not compressing because input file is NetCDF3
Memuse(MB) at After set_output_metadata, min=36.4102, max=36.4102, avg=36.4102
NOTE: done calculating index and weight for conservative interpolation
Memuse(MB) at After setup interp, min=45.0898, max=45.0898, avg=45.0898
Running time for get_input_grid, min=0.06, max=0.06, avg=0.06
Running time for get_output_grid, min=0, max=0, avg=0
Running time for setup_interp, min=0.8, max=0.8, avg=0.8
Memuse(MB) at After do interp, min=45.0898, max=45.0898, avg=45.0898
Memuse(MB) at After do interp, min=45.0898, max=45.0898, avg=45.0898
Memuse(MB) at After do interp, min=68.5547, max=68.5547, avg=68.5547
Memuse(MB) at After do interp, min=68.582, max=68.582, avg=68.582
Memuse(MB) at After do interp, min=68.582, max=68.582, avg=68.582
Memuse(MB) at After do interp, min=68.582, max=68.582, avg=68.582
Memuse(MB) at After do interp, min=68.582, max=68.582, avg=68.582
Memuse(MB) at After do interp, min=68.582, max=68.582, avg=68.582
Memuse(MB) at After do interp, min=68.582, max=68.582, avg=68.582
Memuse(MB) at After do interp, min=68.582, max=68.582, avg=68.582
Memuse(MB) at After do interp, min=68.582, max=68.582, avg=68.582
Memuse(MB) at After do interp, min=68.582, max=68.582, avg=68.582
Memuse(MB) at After do interp, min=68.582, max=68.582, avg=68.582
Memuse(MB) at After do interp, min=68.582, max=68.582, avg=68.582
Memuse(MB) at After do interp, min=68.582, max=68.582, avg=68.582
Memuse(MB) at After do interp, min=68.582, max=68.582, avg=68.582
Memuse(MB) at After do interp, min=68.582, max=68.582, avg=68.582
Memuse(MB) at After do interp, min=68.582, max=68.582, avg=68.582
Memuse(MB) at After do interp, min=68.582, max=68.582, avg=68.582
Memuse(MB) at After do interp, min=68.582, max=68.582, avg=68.582
Memuse(MB) at After do interp, min=68.582, max=68.582, avg=68.582
Memuse(MB) at After do interp, min=68.582, max=68.582, avg=68.582
Memuse(MB) at After do interp, min=68.582, max=68.582, avg=68.582
Memuse(MB) at After do interp, min=68.582, max=68.582, avg=68.582
Memuse(MB) at After do interp, min=68.582, max=68.582, avg=68.582
Memuse(MB) at After do interp, min=68.582, max=68.582, avg=68.582
Memuse(MB) at After do interp, min=68.582, max=68.582, avg=68.582
Memuse(MB) at After do interp, min=68.582, max=68.582, avg=68.582
Memuse(MB) at After do interp, min=68.582, max=68.582, avg=68.582
Memuse(MB) at After do interp, min=68.582, max=68.582, avg=68.582
Memuse(MB) at After do interp, min=68.582, max=68.582, avg=68.582
Memuse(MB) at After do interp, min=68.582, max=68.582, avg=68.582
Memuse(MB) at After do interp, min=68.582, max=68.582, avg=68.582
Memuse(MB) at After do interp, min=68.582, max=68.582, avg=68.582
Memuse(MB) at After do interp, min=68.582, max=68.582, avg=68.582
Memuse(MB) at After do interp, min=68.582, max=68.582, avg=68.582
Memuse(MB) at After do interp, min=68.582, max=68.582, avg=68.582
Memuse(MB) at After do interp, min=68.582, max=68.582, avg=68.582
Memuse(MB) at After do interp, min=68.582, max=68.582, avg=68.582
Memuse(MB) at After do interp, min=68.582, max=68.582, avg=68.582
Memuse(MB) at After do interp, min=68.582, max=68.582, avg=68.582
Memuse(MB) at After do interp, min=68.582, max=68.582, avg=68.582
Memuse(MB) at After do interp, min=68.582, max=68.582, avg=68.582
Memuse(MB) at After do interp, min=68.582, max=68.582, avg=68.582
Memuse(MB) at After do interp, min=68.582, max=68.582, avg=68.582
Memuse(MB) at After do interp, min=68.582, max=68.582, avg=68.582
Memuse(MB) at After do interp, min=68.582, max=68.582, avg=68.582
Memuse(MB) at After do interp, min=68.582, max=68.582, avg=68.582
Memuse(MB) at After do interp, min=68.582, max=68.582, avg=68.582
Memuse(MB) at After do interp, min=68.582, max=68.582, avg=68.582
Memuse(MB) at After do interp, min=68.5859, max=68.5859, avg=68.5859
Memuse(MB) at After do interp, min=68.5859, max=68.5859, avg=68.5859
Memuse(MB) at After do interp, min=68.5859, max=68.5859, avg=68.5859
Memuse(MB) at After do interp, min=68.5859, max=68.5859, avg=68.5859
Memuse(MB) at After do interp, min=68.5859, max=68.5859, avg=68.5859
Memuse(MB) at After do interp, min=68.5859, max=68.5859, avg=68.5859
Memuse(MB) at After do interp, min=68.5859, max=68.5859, avg=68.5859
Memuse(MB) at After do interp, min=68.5859, max=68.5859, avg=68.5859
Memuse(MB) at After do interp, min=68.5859, max=68.5859, avg=68.5859
Memuse(MB) at After do interp, min=68.5859, max=68.5859, avg=68.5859
Memuse(MB) at After do interp, min=68.5859, max=68.5859, avg=68.5859
Memuse(MB) at After do interp, min=68.5859, max=68.5859, avg=68.5859
Memuse(MB) at After do interp, min=68.5859, max=68.5859, avg=68.5859
Memuse(MB) at After do interp, min=68.5859, max=68.5859, avg=68.5859
Memuse(MB) at After do interp, min=68.5859, max=68.5859, avg=68.5859
Memuse(MB) at After do interp, min=68.5859, max=68.5859, avg=68.5859
Memuse(MB) at After do interp, min=68.5859, max=68.5859, avg=68.5859
Memuse(MB) at After do interp, min=68.5859, max=68.5859, avg=68.5859
Memuse(MB) at After do interp, min=68.5859, max=68.5859, avg=68.5859
Memuse(MB) at After do interp, min=68.5859, max=68.5859, avg=68.5859
Memuse(MB) at After do interp, min=68.5859, max=68.5859, avg=68.5859
Memuse(MB) at After do interp, min=68.5859, max=68.5859, avg=68.5859
Memuse(MB) at After do interp, min=68.5859, max=68.5859, avg=68.5859
Memuse(MB) at After do interp, min=68.5859, max=68.5859, avg=68.5859
Memuse(MB) at After do interp, min=68.5859, max=68.5859, avg=68.5859
Memuse(MB) at After do interp, min=68.5859, max=68.5859, avg=68.5859
Memuse(MB) at After do interp, min=68.5859, max=68.5859, avg=68.5859
Memuse(MB) at After do interp, min=68.5859, max=68.5859, avg=68.5859
Memuse(MB) at After do interp, min=68.5859, max=68.5859, avg=68.5859
Memuse(MB) at After do interp, min=68.5859, max=68.5859, avg=68.5859
Memuse(MB) at After do interp, min=68.5859, max=68.5859, avg=68.5859
Memuse(MB) at After do interp, min=68.5859, max=68.5859, avg=68.5859
Memuse(MB) at After do interp, min=68.5859, max=68.5859, avg=68.5859
Memuse(MB) at After do interp, min=68.5859, max=68.5859, avg=68.5859
Memuse(MB) at After do interp, min=68.5859, max=68.5859, avg=68.5859
Memuse(MB) at After do interp, min=68.5859, max=68.5859, avg=68.5859
Memuse(MB) at After do interp, min=68.5859, max=68.5859, avg=68.5859
Memuse(MB) at After do interp, min=68.5859, max=68.5859, avg=68.5859
Memuse(MB) at After do interp, min=68.5859, max=68.5859, avg=68.5859
Memuse(MB) at After do interp, min=68.5859, max=68.5859, avg=68.5859
Memuse(MB) at After do interp, min=68.5859, max=68.5859, avg=68.5859
Memuse(MB) at After do interp, min=68.5859, max=68.5859, avg=68.5859
Memuse(MB) at After do interp, min=68.5859, max=68.5859, avg=68.5859
Memuse(MB) at After do interp, min=68.5859, max=68.5859, avg=68.5859
Memuse(MB) at After do interp, min=68.5859, max=68.5859, avg=68.5859
Memuse(MB) at After do interp, min=68.5859, max=68.5859, avg=68.5859
Memuse(MB) at After do interp, min=68.5859, max=68.5859, avg=68.5859
Memuse(MB) at After do interp, min=68.5859, max=68.5859, avg=68.5859
Memuse(MB) at After do interp, min=68.5859, max=68.5859, avg=68.5859
Memuse(MB) at After do interp, min=68.5859, max=68.5859, avg=68.5859
Memuse(MB) at After do interp, min=68.5859, max=68.5859, avg=68.5859
Memuse(MB) at After do interp, min=68.5859, max=68.5859, avg=68.5859
Memuse(MB) at After do interp, min=68.5859, max=68.5859, avg=68.5859
Memuse(MB) at After do interp, min=68.5859, max=68.5859, avg=68.5859
Memuse(MB) at After do interp, min=68.5859, max=68.5859, avg=68.5859
Memuse(MB) at After do interp, min=68.5859, max=68.5859, avg=68.5859
Memuse(MB) at After do interp, min=68.5859, max=68.5859, avg=68.5859
Memuse(MB) at After do interp, min=68.5859, max=68.5859, avg=68.5859
Memuse(MB) at After do interp, min=68.5859, max=68.5859, avg=68.5859
Memuse(MB) at After do interp, min=68.5859, max=68.5859, avg=68.5859
Memuse(MB) at After do interp, min=68.5859, max=68.5859, avg=68.5859
Memuse(MB) at After do interp, min=68.5859, max=68.5859, avg=68.5859
Memuse(MB) at After do interp, min=68.5859, max=68.5859, avg=68.5859
Memuse(MB) at After do interp, min=68.5859, max=68.5859, avg=68.5859
Memuse(MB) at After do interp, min=68.5859, max=68.5859, avg=68.5859
Memuse(MB) at After do interp, min=68.5859, max=68.5859, avg=68.5859
Memuse(MB) at After do interp, min=68.5859, max=68.5859, avg=68.5859
Memuse(MB) at After do interp, min=68.5859, max=68.5859, avg=68.5859
Memuse(MB) at After do interp, min=68.5859, max=68.5859, avg=68.5859
Memuse(MB) at After do interp, min=68.5859, max=68.5859, avg=68.5859
Memuse(MB) at After do interp, min=68.5859, max=68.5859, avg=68.5859
Memuse(MB) at After do interp, min=68.5859, max=68.5859, avg=68.5859
Memuse(MB) at After do interp, min=68.5859, max=68.5859, avg=68.5859
Memuse(MB) at After do interp, min=68.5859, max=68.5859, avg=68.5859
Memuse(MB) at After do interp, min=68.5859, max=68.5859, avg=68.5859
Memuse(MB) at After do interp, min=68.5859, max=68.5859, avg=68.5859
Memuse(MB) at After do interp, min=68.5859, max=68.5859, avg=68.5859
Memuse(MB) at After do interp, min=68.5859, max=68.5859, avg=68.5859
Memuse(MB) at After do interp, min=68.5859, max=68.5859, avg=68.5859
Memuse(MB) at After do interp, min=68.5859, max=68.5859, avg=68.5859
Memuse(MB) at After do interp, min=68.5859, max=68.5859, avg=68.5859
Memuse(MB) at After do interp, min=68.5859, max=68.5859, avg=68.5859
Memuse(MB) at After do interp, min=68.5859, max=68.5859, avg=68.5859
Memuse(MB) at After do interp, min=68.5859, max=68.5859, avg=68.5859
Memuse(MB) at After do interp, min=68.5859, max=68.5859, avg=68.5859
Memuse(MB) at After do interp, min=68.5859, max=68.5859, avg=68.5859
Memuse(MB) at After do interp, min=68.5859, max=68.5859, avg=68.5859
Memuse(MB) at After do interp, min=68.5859, max=68.5859, avg=68.5859
Memuse(MB) at After do interp, min=68.5859, max=68.5859, avg=68.5859
Memuse(MB) at After do interp, min=68.5859, max=68.5859, avg=68.5859
Memuse(MB) at After do interp, min=68.5859, max=68.5859, avg=68.5859
Memuse(MB) at After do interp, min=68.5859, max=68.5859, avg=68.5859
Memuse(MB) at After do interp, min=68.5859, max=68.5859, avg=68.5859
Memuse(MB) at After do interp, min=68.5859, max=68.5859, avg=68.5859
Memuse(MB) at After do interp, min=68.5859, max=68.5859, avg=68.5859
Memuse(MB) at After do interp, min=68.5859, max=68.5859, avg=68.5859
Memuse(MB) at After do interp, min=68.5859, max=68.5859, avg=68.5859
Memuse(MB) at After do interp, min=68.5859, max=68.5859, avg=68.5859
Memuse(MB) at After do interp, min=68.5859, max=68.5859, avg=68.5859
Memuse(MB) at After do interp, min=68.5859, max=68.5859, avg=68.5859
Memuse(MB) at After do interp, min=68.5859, max=68.5859, avg=68.5859
Memuse(MB) at After do interp, min=68.5859, max=68.5859, avg=68.5859
Memuse(MB) at After do interp, min=68.5859, max=68.5859, avg=68.5859
Memuse(MB) at After do interp, min=68.5859, max=68.5859, avg=68.5859
Memuse(MB) at After do interp, min=68.5859, max=68.5859, avg=68.5859
Memuse(MB) at After do interp, min=68.5859, max=68.5859, avg=68.5859
Memuse(MB) at After do interp, min=68.5859, max=68.5859, avg=68.5859
Memuse(MB) at After do interp, min=68.5859, max=68.5859, avg=68.5859
Memuse(MB) at After do interp, min=68.5859, max=68.5859, avg=68.5859
Memuse(MB) at After do interp, min=68.5859, max=68.5859, avg=68.5859
Memuse(MB) at After do interp, min=68.5859, max=68.5859, avg=68.5859
Memuse(MB) at After do interp, min=68.5859, max=68.5859, avg=68.5859
Memuse(MB) at After do interp, min=68.5859, max=68.5859, avg=68.5859
Memuse(MB) at After do interp, min=68.5859, max=68.5859, avg=68.5859
Memuse(MB) at After do interp, min=68.5859, max=68.5859, avg=68.5859
Memuse(MB) at After do interp, min=68.5859, max=68.5859, avg=68.5859
Memuse(MB) at After do interp, min=68.5859, max=68.5859, avg=68.5859
Memuse(MB) at After do interp, min=68.5859, max=68.5859, avg=68.5859
Memuse(MB) at After do interp, min=68.5859, max=68.5859, avg=68.5859
Memuse(MB) at After do interp, min=68.5859, max=68.5859, avg=68.5859
Memuse(MB) at After do interp, min=68.5859, max=68.5859, avg=68.5859
Memuse(MB) at After do interp, min=68.5859, max=68.5859, avg=68.5859
Memuse(MB) at After do interp, min=68.5859, max=68.5859, avg=68.5859
Memuse(MB) at After do interp, min=68.5859, max=68.5859, avg=68.5859
Memuse(MB) at After do interp, min=68.5859, max=68.5859, avg=68.5859
Memuse(MB) at After do interp, min=68.5859, max=68.5859, avg=68.5859
Memuse(MB) at After do interp, min=68.5859, max=68.5859, avg=68.5859
Memuse(MB) at After do interp, min=68.5859, max=68.5859, avg=68.5859
Memuse(MB) at After do interp, min=68.5859, max=68.5859, avg=68.5859
Memuse(MB) at After do interp, min=68.5859, max=68.5859, avg=68.5859
Memuse(MB) at After do interp, min=68.5859, max=68.5859, avg=68.5859
Memuse(MB) at After do interp, min=68.5859, max=68.5859, avg=68.5859
Memuse(MB) at After do interp, min=68.5859, max=68.5859, avg=68.5859
Memuse(MB) at After do interp, min=68.5859, max=68.5859, avg=68.5859
Memuse(MB) at After do interp, min=68.5859, max=68.5859, avg=68.5859
Memuse(MB) at After do interp, min=68.5859, max=68.5859, avg=68.5859
Memuse(MB) at After do interp, min=68.5859, max=68.5859, avg=68.5859
Memuse(MB) at After do interp, min=68.5859, max=68.5859, avg=68.5859
Memuse(MB) at After do interp, min=68.5859, max=68.5859, avg=68.5859
Memuse(MB) at After do interp, min=68.5859, max=68.5859, avg=68.5859
Memuse(MB) at After do interp, min=68.5859, max=68.5859, avg=68.5859
Memuse(MB) at After do interp, min=68.5859, max=68.5859, avg=68.5859
Memuse(MB) at After do interp, min=68.5859, max=68.5859, avg=68.5859
Memuse(MB) at After do interp, min=68.5859, max=68.5859, avg=68.5859
Memuse(MB) at After do interp, min=68.5859, max=68.5859, avg=68.5859
Memuse(MB) at After do interp, min=68.5859, max=68.5859, avg=68.5859
Memuse(MB) at After do interp, min=68.5859, max=68.5859, avg=68.5859
Memuse(MB) at After do interp, min=68.5859, max=68.5859, avg=68.5859
Memuse(MB) at After do interp, min=68.5859, max=68.5859, avg=68.5859
Memuse(MB) at After do interp, min=68.5859, max=68.5859, avg=68.5859
Memuse(MB) at After do interp, min=68.5859, max=68.5859, avg=68.5859
Memuse(MB) at After do interp, min=68.5859, max=68.5859, avg=68.5859
Memuse(MB) at After do interp, min=68.5859, max=68.5859, avg=68.5859
Memuse(MB) at After do interp, min=68.5859, max=68.5859, avg=68.5859
Memuse(MB) at After do interp, min=68.5859, max=68.5859, avg=68.5859
Memuse(MB) at After do interp, min=68.5859, max=68.5859, avg=68.5859
Memuse(MB) at After do interp, min=68.5859, max=68.5859, avg=68.5859
Memuse(MB) at After do interp, min=68.5859, max=68.5859, avg=68.5859
Memuse(MB) at After do interp, min=68.5859, max=68.5859, avg=68.5859
Memuse(MB) at After do interp, min=68.5859, max=68.5859, avg=68.5859
Memuse(MB) at After do interp, min=68.5859, max=68.5859, avg=68.5859
Memuse(MB) at After do interp, min=68.5859, max=68.5859, avg=68.5859
Memuse(MB) at After do interp, min=68.5859, max=68.5859, avg=68.5859
Memuse(MB) at After do interp, min=68.5859, max=68.5859, avg=68.5859
Memuse(MB) at After do interp, min=68.5859, max=68.5859, avg=68.5859
Memuse(MB) at After do interp, min=68.5859, max=68.5859, avg=68.5859
Memuse(MB) at After do interp, min=68.5859, max=68.5859, avg=68.5859
Memuse(MB) at After do interp, min=68.5859, max=68.5859, avg=68.5859
Memuse(MB) at After do interp, min=68.5859, max=68.5859, avg=68.5859
Memuse(MB) at After do interp, min=68.5859, max=68.5859, avg=68.5859
Memuse(MB) at After do interp, min=68.5859, max=68.5859, avg=68.5859
Memuse(MB) at After do interp, min=68.5859, max=68.5859, avg=68.5859
Memuse(MB) at After do interp, min=68.5859, max=68.5859, avg=68.5859
Memuse(MB) at After do interp, min=68.5859, max=68.5859, avg=68.5859
Memuse(MB) at After do interp, min=68.5859, max=68.5859, avg=68.5859
Memuse(MB) at After do interp, min=68.5859, max=68.5859, avg=68.5859
Memuse(MB) at Aft