starting work on 3
Cloning into 'FREgrid'...
‘./FREgrid/C96_grid.tile1.nc’ -> ‘./C96_grid.tile1.nc’
‘./FREgrid/C96_grid.tile2.nc’ -> ‘./C96_grid.tile2.nc’
‘./FREgrid/C96_grid.tile3.nc’ -> ‘./C96_grid.tile3.nc’
‘./FREgrid/C96_grid.tile4.nc’ -> ‘./C96_grid.tile4.nc’
‘./FREgrid/C96_grid.tile5.nc’ -> ‘./C96_grid.tile5.nc’
‘./FREgrid/C96_grid.tile6.nc’ -> ‘./C96_grid.tile6.nc’
‘./FREgrid/C96_mosaic.nc’ -> ‘./C96_mosaic.nc’
‘./FREgrid/GridRunner’ -> ‘./GridRunner’
‘./FREgrid/grid_spec.nc’ -> ‘./grid_spec.nc’
‘./FREgrid/mborrus@login.sherlock.stanford.edu’ -> ‘./mborrus@login.sherlock.stanford.edu’
‘./FREgrid/README.md’ -> ‘./README.md’
****fregrid: first order conservative scheme will be used for regridding.
Memuse(MB) at Before calling get_input_grid, min=5.89062, max=5.89062, avg=5.89062
Memuse(MB) at After calling get_input_grid, min=9.90234, max=9.90234, avg=9.90234
Memuse(MB) at After calling get_output_grid, min=9.90234, max=9.90234, avg=9.90234
Memuse(MB) at After get_input_output_cell_area, min=9.92578, max=9.92578, avg=9.92578
Input: filename=19790101.atmos_daily.tile1.nc, nvar=10, format=2
Not compressing because input file is NetCDF3
Memuse(MB) at After set_output_metadata, min=36.375, max=36.375, avg=36.375
NOTE: done calculating index and weight for conservative interpolation
Memuse(MB) at After setup interp, min=45.0898, max=45.0898, avg=45.0898
Running time for get_input_grid, min=0.06, max=0.06, avg=0.06
Running time for get_output_grid, min=0, max=0, avg=0
Running time for setup_interp, min=0.79, max=0.79, avg=0.79
Memuse(MB) at After do interp, min=45.0898, max=45.0898, avg=45.0898
Memuse(MB) at After do interp, min=45.0898, max=45.0898, avg=45.0898
Memuse(MB) at After do interp, min=68.5547, max=68.5547, avg=68.5547
Memuse(MB) at After do interp, min=68.582, max=68.582, avg=68.582
Memuse(MB) at After do interp, min=68.582, max=68.582, avg=68.582
Memuse(MB) at After do interp, min=68.582, max=68.582, avg=68.582
Memuse(MB) at After do interp, min=68.582, max=68.582, avg=68.582
Memuse(MB) at After do interp, min=68.582, max=68.582, avg=68.582
Memuse(MB) at After do interp, min=68.582, max=68.582, avg=68.582
Memuse(MB) at After do interp, min=68.582, max=68.582, avg=68.582
Memuse(MB) at After do interp, min=68.582, max=68.582, avg=68.582
Memuse(MB) at After do interp, min=68.582, max=68.582, avg=68.582
Memuse(MB) at After do interp, min=68.582, max=68.582, avg=68.582
Memuse(MB) at After do interp, min=68.582, max=68.582, avg=68.582
Memuse(MB) at After do interp, min=68.582, max=68.582, avg=68.582
Memuse(MB) at After do interp, min=68.582, max=68.582, avg=68.582
Memuse(MB) at After do interp, min=68.582, max=68.582, avg=68.582
Memuse(MB) at After do interp, min=68.582, max=68.582, avg=68.582
Memuse(MB) at After do interp, min=68.582, max=68.582, avg=68.582
Memuse(MB) at After do interp, min=68.582, max=68.582, avg=68.582
Memuse(MB) at After do interp, min=68.582, max=68.582, avg=68.582
Memuse(MB) at After do interp, min=68.582, max=68.582, avg=68.582
Memuse(MB) at After do interp, min=68.582, max=68.582, avg=68.582
Memuse(MB) at After do interp, min=68.582, max=68.582, avg=68.582
Memuse(MB) at After do interp, min=68.582, max=68.582, avg=68.582
Memuse(MB) at After do interp, min=68.582, max=68.582, avg=68.582
Memuse(MB) at After do interp, min=68.582, max=68.582, avg=68.582
Memuse(MB) at After do interp, min=68.582, max=68.582, avg=68.582
Memuse(MB) at After do interp, min=68.582, max=68.582, avg=68.582
Memuse(MB) at After do interp, min=68.582, max=68.582, avg=68.582
Memuse(MB) at After do interp, min=68.582, max=68.582, avg=68.582
Memuse(MB) at After do interp, min=68.582, max=68.582, avg=68.582
Memuse(MB) at After do interp, min=68.582, max=68.582, avg=68.582
Memuse(MB) at After do interp, min=68.582, max=68.582, avg=68.582
Memuse(MB) at After do interp, min=68.582, max=68.582, avg=68.582
Memuse(MB) at After do interp, min=68.582, max=68.582, avg=68.582
Memuse(MB) at After do interp, min=68.582, max=68.582, avg=68.582
Memuse(MB) at After do interp, min=68.582, max=68.582, avg=68.582
Memuse(MB) at After do interp, min=68.582, max=68.582, avg=68.582
Memuse(MB) at After do interp, min=68.582, max=68.582, avg=68.582
Memuse(MB) at After do interp, min=68.582, max=68.582, avg=68.582
Memuse(MB) at After do interp, min=68.582, max=68.582, avg=68.582
Memuse(MB) at After do interp, min=68.582, max=68.582, avg=68.582
Memuse(MB) at After do interp, min=68.582, max=68.582, avg=68.582
Memuse(MB) at After do interp, min=68.582, max=68.582, avg=68.582
Memuse(MB) at After do interp, min=68.582, max=68.582, avg=68.582
Memuse(MB) at After do interp, min=68.582, max=68.582, avg=68.582
Memuse(MB) at After do interp, min=68.582, max=68.582, avg=68.582
Memuse(MB) at After do interp, min=68.582, max=68.582, avg=68.582
Memuse(MB) at After do interp, min=68.582, max=68.582, avg=68.582
Memuse(MB) at After do interp, min=68.5859, max=68.5859, avg=68.5859
Memuse(MB) at After do interp, min=68.5859, max=68.5859, avg=68.5859
Memuse(MB) at After do interp, min=68.5859, max=68.5859, avg=68.5859
Memuse(MB) at After do interp, min=68.5859, max=68.5859, avg=68.5859
Memuse(MB) at After do interp, min=68.5859, max=68.5859, avg=68.5859
Memuse(MB) at After do interp, min=68.5859, max=68.5859, avg=68.5859
Memuse(MB) at After do interp, min=68.5859, max=68.5859, avg=68.5859
Memuse(MB) at After do interp, min=68.5859, max=68.5859, avg=68.5859
Memuse(MB) at After do interp, min=68.5859, max=68.5859, avg=68.5859
Memuse(MB) at After do interp, min=68.5859, max=68.5859, avg=68.5859
Memuse(MB) at After do interp, min=68.5859, max=68.5859, avg=68.5859
Memuse(MB) at After do interp, min=68.5859, max=68.5859, avg=68.5859
Memuse(MB) at After do interp, min=68.5859, max=68.5859, avg=68.5859
Memuse(MB) at After do interp, min=68.5859, max=68.5859, avg=68.5859
Memuse(MB) at After do interp, min=68.5859, max=68.5859, avg=68.5859
Memuse(MB) at After do interp, min=68.5859, max=68.5859, avg=68.5859
Memuse(MB) at After do interp, min=68.5859, max=68.5859, avg=68.5859
Memuse(MB) at After do interp, min=68.5859, max=68.5859, avg=68.5859
Memuse(MB) at After do interp, min=68.5859, max=68.5859, avg=68.5859
Memuse(MB) at After do interp, min=68.5859, max=68.5859, avg=68.5859
Memuse(MB) at After do interp, min=68.5859, max=68.5859, avg=68.5859
Memuse(MB) at After do interp, min=68.5859, max=68.5859, avg=68.5859
Memuse(MB) at After do interp, min=68.5859, max=68.5859, avg=68.5859
Memuse(MB) at After do interp, min=68.5859, max=68.5859, avg=68.5859
Memuse(MB) at After do interp, min=68.5859, max=68.5859, avg=68.5859
Memuse(MB) at After do interp, min=68.5859, max=68.5859, avg=68.5859
Memuse(MB) at After do interp, min=68.5859, max=68.5859, avg=68.5859
Memuse(MB) at After do interp, min=68.5859, max=68.5859, avg=68.5859
Memuse(MB) at After do interp, min=68.5859, max=68.5859, avg=68.5859
Memuse(MB) at After do interp, min=68.5859, max=68.5859, avg=68.5859
Memuse(MB) at After do interp, min=68.5859, max=68.5859, avg=68.5859
Memuse(MB) at After do interp, min=68.5859, max=68.5859, avg=68.5859
Memuse(MB) at After do interp, min=68.5859, max=68.5859, avg=68.5859
Memuse(MB) at After do interp, min=68.5859, max=68.5859, avg=68.5859
Memuse(MB) at After do interp, min=68.5859, max=68.5859, avg=68.5859
Memuse(MB) at After do interp, min=68.5859, max=68.5859, avg=68.5859
Memuse(MB) at After do interp, min=68.5859, max=68.5859, avg=68.5859
Memuse(MB) at After do interp, min=68.5859, max=68.5859, avg=68.5859
Memuse(MB) at After do interp, min=68.5859, max=68.5859, avg=68.5859
Memuse(MB) at After do interp, min=68.5859, max=68.5859, avg=68.5859
Memuse(MB) at After do interp, min=68.5859, max=68.5859, avg=68.5859
Memuse(MB) at After do interp, min=68.5859, max=68.5859, avg=68.5859
Memuse(MB) at After do interp, min=68.5859, max=68.5859, avg=68.5859
Memuse(MB) at After do interp, min=68.5859, max=68.5859, avg=68.5859
Memuse(MB) at After do interp, min=68.5859, max=68.5859, avg=68.5859
Memuse(MB) at After do interp, min=68.5859, max=68.5859, avg=68.5859
Memuse(MB) at After do interp, min=68.5859, max=68.5859, avg=68.5859
Memuse(MB) at After do interp, min=68.5859, max=68.5859, avg=68.5859
Memuse(MB) at After do interp, min=68.5859, max=68.5859, avg=68.5859
Memuse(MB) at After do interp, min=68.5859, max=68.5859, avg=68.5859
Memuse(MB) at After do interp, min=68.5859, max=68.5859, avg=68.5859
Memuse(MB) at After do interp, min=68.5859, max=68.5859, avg=68.5859
Memuse(MB) at After do interp, min=68.5859, max=68.5859, avg=68.5859
Memuse(MB) at After do interp, min=68.5859, max=68.5859, avg=68.5859
Memuse(MB) at After do interp, min=68.5859, max=68.5859, avg=68.5859
Memuse(MB) at After do interp, min=68.5859, max=68.5859, avg=68.5859
Memuse(MB) at After do interp, min=68.5859, max=68.5859, avg=68.5859
Memuse(MB) at After do interp, min=68.5859, max=68.5859, avg=68.5859
Memuse(MB) at After do interp, min=68.5859, max=68.5859, avg=68.5859
Memuse(MB) at After do interp, min=68.5859, max=68.5859, avg=68.5859
Memuse(MB) at After do interp, min=68.5859, max=68.5859, avg=68.5859
Memuse(MB) at After do interp, min=68.5859, max=68.5859, avg=68.5859
Memuse(MB) at After do interp, min=68.5859, max=68.5859, avg=68.5859
Memuse(MB) at After do interp, min=68.5859, max=68.5859, avg=68.5859
Memuse(MB) at After do interp, min=68.5859, max=68.5859, avg=68.5859
Memuse(MB) at After do interp, min=68.5859, max=68.5859, avg=68.5859
Memuse(MB) at After do interp, min=68.5859, max=68.5859, avg=68.5859
Memuse(MB) at After do interp, min=68.5859, max=68.5859, avg=68.5859
Memuse(MB) at After do interp, min=68.5859, max=68.5859, avg=68.5859
Memuse(MB) at After do interp, min=68.5859, max=68.5859, avg=68.5859
Memuse(MB) at After do interp, min=68.5859, max=68.5859, avg=68.5859
Memuse(MB) at After do interp, min=68.5859, max=68.5859, avg=68.5859
Memuse(MB) at After do interp, min=68.5859, max=68.5859, avg=68.5859
Memuse(MB) at After do interp, min=68.5859, max=68.5859, avg=68.5859
Memuse(MB) at After do interp, min=68.5859, max=68.5859, avg=68.5859
Memuse(MB) at After do interp, min=68.5859, max=68.5859, avg=68.5859
Memuse(MB) at After do interp, min=68.5859, max=68.5859, avg=68.5859
Memuse(MB) at After do interp, min=68.5859, max=68.5859, avg=68.5859
Memuse(MB) at After do interp, min=68.5859, max=68.5859, avg=68.5859
Memuse(MB) at After do interp, min=68.5859, max=68.5859, avg=68.5859
Memuse(MB) at After do interp, min=68.5859, max=68.5859, avg=68.5859
Memuse(MB) at After do interp, min=68.5859, max=68.5859, avg=68.5859
Memuse(MB) at After do interp, min=68.5859, max=68.5859, avg=68.5859
Memuse(MB) at After do interp, min=68.5859, max=68.5859, avg=68.5859
Memuse(MB) at After do interp, min=68.5859, max=68.5859, avg=68.5859
Memuse(MB) at After do interp, min=68.5859, max=68.5859, avg=68.5859
Memuse(MB) at After do interp, min=68.5859, max=68.5859, avg=68.5859
Memuse(MB) at After do interp, min=68.5859, max=68.5859, avg=68.5859
Memuse(MB) at After do interp, min=68.5859, max=68.5859, avg=68.5859
Memuse(MB) at After do interp, min=68.5859, max=68.5859, avg=68.5859
Memuse(MB) at After do interp, min=68.5859, max=68.5859, avg=68.5859
Memuse(MB) at After do interp, min=68.5859, max=68.5859, avg=68.5859
Memuse(MB) at After do interp, min=68.5859, max=68.5859, avg=68.5859
Memuse(MB) at After do interp, min=68.5859, max=68.5859, avg=68.5859
Memuse(MB) at After do interp, min=68.5859, max=68.5859, avg=68.5859
Memuse(MB) at After do interp, min=68.5859, max=68.5859, avg=68.5859
Memuse(MB) at After do interp, min=68.5859, max=68.5859, avg=68.5859
Memuse(MB) at After do interp, min=68.5859, max=68.5859, avg=68.5859
Memuse(MB) at After do interp, min=68.5859, max=68.5859, avg=68.5859
Memuse(MB) at After do interp, min=68.5859, max=68.5859, avg=68.5859
Memuse(MB) at After do interp, min=68.5859, max=68.5859, avg=68.5859
Memuse(MB) at After do interp, min=68.5859, max=68.5859, avg=68.5859
Memuse(MB) at After do interp, min=68.5859, max=68.5859, avg=68.5859
Memuse(MB) at After do interp, min=68.5859, max=68.5859, avg=68.5859
Memuse(MB) at After do interp, min=68.5859, max=68.5859, avg=68.5859
Memuse(MB) at After do interp, min=68.5859, max=68.5859, avg=68.5859
Memuse(MB) at After do interp, min=68.5859, max=68.5859, avg=68.5859
Memuse(MB) at After do interp, min=68.5859, max=68.5859, avg=68.5859
Memuse(MB) at After do interp, min=68.5859, max=68.5859, avg=68.5859
Memuse(MB) at After do interp, min=68.5859, max=68.5859, avg=68.5859
Memuse(MB) at After do interp, min=68.5859, max=68.5859, avg=68.5859
Memuse(MB) at After do interp, min=68.5859, max=68.5859, avg=68.5859
Memuse(MB) at After do interp, min=68.5859, max=68.5859, avg=68.5859
Memuse(MB) at After do interp, min=68.5859, max=68.5859, avg=68.5859
Memuse(MB) at After do interp, min=68.5859, max=68.5859, avg=68.5859
Memuse(MB) at After do interp, min=68.5859, max=68.5859, avg=68.5859
Memuse(MB) at After do interp, min=68.5859, max=68.5859, avg=68.5859
Memuse(MB) at After do interp, min=68.5859, max=68.5859, avg=68.5859
Memuse(MB) at After do interp, min=68.5859, max=68.5859, avg=68.5859
Memuse(MB) at After do interp, min=68.5859, max=68.5859, avg=68.5859
Memuse(MB) at After do interp, min=68.5859, max=68.5859, avg=68.5859
Memuse(MB) at After do interp, min=68.5859, max=68.5859, avg=68.5859
Memuse(MB) at After do interp, min=68.5859, max=68.5859, avg=68.5859
Memuse(MB) at After do interp, min=68.5859, max=68.5859, avg=68.5859
Memuse(MB) at After do interp, min=68.5859, max=68.5859, avg=68.5859
Memuse(MB) at After do interp, min=68.5859, max=68.5859, avg=68.5859
Memuse(MB) at After do interp, min=68.5859, max=68.5859, avg=68.5859
Memuse(MB) at After do interp, min=68.5859, max=68.5859, avg=68.5859
Memuse(MB) at After do interp, min=68.5859, max=68.5859, avg=68.5859
Memuse(MB) at After do interp, min=68.5859, max=68.5859, avg=68.5859
Memuse(MB) at After do interp, min=68.5859, max=68.5859, avg=68.5859
Memuse(MB) at After do interp, min=68.5859, max=68.5859, avg=68.5859
Memuse(MB) at After do interp, min=68.5859, max=68.5859, avg=68.5859
Memuse(MB) at After do interp, min=68.5859, max=68.5859, avg=68.5859
Memuse(MB) at After do interp, min=68.5859, max=68.5859, avg=68.5859
Memuse(MB) at After do interp, min=68.5859, max=68.5859, avg=68.5859
Memuse(MB) at After do interp, min=68.5859, max=68.5859, avg=68.5859
Memuse(MB) at After do interp, min=68.5859, max=68.5859, avg=68.5859
Memuse(MB) at After do interp, min=68.5859, max=68.5859, avg=68.5859
Memuse(MB) at After do interp, min=68.5859, max=68.5859, avg=68.5859
Memuse(MB) at After do interp, min=68.5859, max=68.5859, avg=68.5859
Memuse(MB) at After do interp, min=68.5859, max=68.5859, avg=68.5859
Memuse(MB) at After do interp, min=68.5859, max=68.5859, avg=68.5859
Memuse(MB) at After do interp, min=68.5859, max=68.5859, avg=68.5859
Memuse(MB) at After do interp, min=68.5859, max=68.5859, avg=68.5859
Memuse(MB) at After do interp, min=68.5859, max=68.5859, avg=68.5859
Memuse(MB) at After do interp, min=68.5859, max=68.5859, avg=68.5859
Memuse(MB) at After do interp, min=68.5859, max=68.5859, avg=68.5859
Memuse(MB) at After do interp, min=68.5859, max=68.5859, avg=68.5859
Memuse(MB) at After do interp, min=68.5859, max=68.5859, avg=68.5859
Memuse(MB) at After do interp, min=68.5859, max=68.5859, avg=68.5859
Memuse(MB) at After do interp, min=68.5859, max=68.5859, avg=68.5859
Memuse(MB) at After do interp, min=68.5859, max=68.5859, avg=68.5859
Memuse(MB) at After do interp, min=68.5859, max=68.5859, avg=68.5859
Memuse(MB) at After do interp, min=68.5859, max=68.5859, avg=68.5859
Memuse(MB) at After do interp, min=68.5859, max=68.5859, avg=68.5859
Memuse(MB) at After do interp, min=68.5859, max=68.5859, avg=68.5859
Memuse(MB) at After do interp, min=68.5859, max=68.5859, avg=68.5859
Memuse(MB) at After do interp, min=68.5859, max=68.5859, avg=68.5859
Memuse(MB) at After do interp, min=68.5859, max=68.5859, avg=68.5859
Memuse(MB) at After do interp, min=68.5859, max=68.5859, avg=68.5859
Memuse(MB) at After do interp, min=68.5859, max=68.5859, avg=68.5859
Memuse(MB) at After do interp, min=68.5859, max=68.5859, avg=68.5859
Memuse(MB) at After do interp, min=68.5859, max=68.5859, avg=68.5859
Memuse(MB) at After do interp, min=68.5859, max=68.5859, avg=68.5859
Memuse(MB) at After do interp, min=68.5859, max=68.5859, avg=68.5859
Memuse(MB) at After do interp, min=68.5859, max=68.5859, avg=68.5859
Memuse(MB) at After do interp, min=68.5859, max=68.5859, avg=68.5859
Memuse(MB) at After do interp, min=68.5859, max=68.5859, avg=68.5859
Memuse(MB) at After do interp, min=68.5859, max=68.5859, avg=68.5859
Memuse(MB) at After do interp, min=68.5859, max=68.5859, avg=68.5859
Memuse(MB) at After do interp, min=68.5859, max=68.5859, avg=68.5859
Memuse(MB) at After do interp, min=68.5859, max=68.5859, avg=68.5859
Memuse(MB) at After do interp, min=68.5859, max=68.5859, avg=68.5859
Memuse(MB) at After do interp, min=68.5859, max=68.5859, avg=68.5859
Memuse(MB) at After do interp, min=68.5859, max=68.5859, avg=68.5859
Memuse(MB) at After do interp, min=68.5859, max=68.5859, avg=68.5859
Memuse(MB) at After do interp, min=68.5859, max=68.5859, avg=68.5859
Memuse(MB) at After do interp, min=68.5859, max=68.5859, avg=68.5859
Memuse(MB) at After do interp, min=68.5859, max=68.5859, avg=68.5859
Memuse(MB) at After do interp, min=68.6289, max=68.6289, avg=68.6289
Memuse(MB) at After do interp, min=68.6289, max=68.6289, avg=68.6289
Memuse(MB) at After do interp, min=68.6289, max=68.6289, avg=68.6289
Memuse(MB) at After do interp, min=68.6289, max=68.6289, avg=68.6289
Memuse(MB) at After do interp, min=68.6484, max=68.6484, avg=68.6484
Memuse(MB) at After do interp, min=68.6484, max=68.6484, avg=68.6484
Memuse(MB) at After do interp, min=68.6992, max=68.6992, avg=68.6992
Memuse(MB) at After do interp, min=68.6992, max=68.6992, avg=68.6992
Memuse(MB) at After do interp, min=68.6992, max=68.6992, avg=68.6992
Memuse(MB) at After do interp, min=68.6992, max=68.6992, avg=68.6992
Memuse(MB) at After do interp, min=68.7461, max=68.7461, avg=68.7461
Memuse(MB) at After do interp, min=68.7969, max=68.7969, avg=68.7969
Memuse(MB) at After do interp, min=68.7969, max=68.7969, avg=68.7969
Memuse(MB) at After do interp, min=68.7969, max=68.7969, avg=68.7969
Memuse(MB) at After do interp, min=68.7969, max=68.7969, avg=68.7969
Memuse(MB) at After do interp, min=68.7969, max=68.7969, avg=68.7969
Memuse(MB) at After do interp, min=68.7969, max=68.7969, avg=68.7969
Memuse(MB) at After do interp, min=68.7969, max=68.7969, avg=68.7969
Memuse(MB) at After do interp, min=68.7969, max=68.7969, avg=68.7969
Memuse(MB) at After do interp, min=68.7969, max=68.7969, avg=68.7969
Memuse(MB) at After do interp, min=68.8359, max=68.8359, avg=68.8359
Memuse(MB) at After do interp, min=68.8359, max=68.8359, avg=68.8359
Memuse(MB) at After do interp, min=68.8359, max=68.8359, avg=68.8359
Memuse(MB) at After do interp, min=68.8359, max=68.8359, avg=68.8359
Memuse(MB) at After do interp, min=68.9336, max=68.9336, avg=68.9336
Memuse(MB) at After do interp, min=68.9336, max=68.9336, avg=68.9336
Memuse(MB) at After do interp, min=68.9336, max=68.9336, avg=68.9336
Memuse(MB) at After do interp, min=68.9336, max=68.9336, avg=68.9336
Memuse(MB) at After do interp, min=68.9336, max=68.9336, avg=68.9336
Memuse(MB) at After do interp, min=68.9336, max=68.9336, avg=68.9336
Memuse(MB) at After do interp, min=68.9336, max=68.9336, avg=68.9336
Memuse(MB) at After do interp, min=68.9336, max=68.9336, avg=68.9336
Memuse(MB) at After do interp, min=68.957, max=68.957, avg=68.957
Memuse(MB) at After do interp, min=68.957, max=68.957, avg=68.957
Memuse(MB) at After do interp, min=69.0039, max=69.0039, avg=69.0039
Memuse(MB) at After do interp, min=69.0039, max=69.0039, avg=69.0039
Memuse(MB) at After do interp, min=69.0039, max=69.0039, avg=69.0039
Memuse(MB) at After do interp, min=69.0039, max=69.0039, avg=69.0039
Memuse(MB) at After do interp, min=69.0547, max=69.0547, avg=69.0547
Memuse(MB) at After do interp, min=69.1055, max=69.1055, avg=69.1055
Memuse(MB) at After do interp, min=69.1055, max=69.1055, avg=69.1055
Memuse(MB) at After do interp, min=69.1055, max=69.1055, avg=69.1055
Memuse(MB) at After do interp, min=69.1055, max=69.1055, avg=69.1055
Memuse(MB) at After do interp, min=69.1055, max=69.1055, avg=69.1055
Memuse(MB) at After do interp, min=69.1055, max=69.1055, avg=69.1055
Memuse(MB) at After do interp, min=69.1055, max=69.1055, avg=69.1055
Memuse(MB) at After do interp, min=69.125, max=69.125, avg=69.125
Memuse(MB) at After do interp, min=69.125, max=69.125, avg=69.125
Memuse(MB) at After do interp, min=69.1758, max=69.1758, avg=69.1758
Memuse(MB) at After do interp, min=69.1758, max=69.1758, avg=69.1758
Memuse(MB) at After do interp, min=69.1758, max=69.1758, avg=69.1758
Memuse(MB) at After do interp, min=69.1758, max=69.1758, avg=69.1758
Memuse(MB) at After do interp, min=69.2227, max=69.2227, avg=69.2227
Memuse(MB) at After do interp, min=69.2734, max=69.2734, avg=69.2734
Memuse(MB) at After do interp, min=69.2734, max=69.2734, avg=69.2734
Memuse(MB) at After do interp, min=69.2734, max=69.2734, avg=69.2734
Memuse(MB) at After do interp, min=69.2734, max=69.2734, avg=69.2734
Memuse(MB) at After do interp, min=69.2734, max=69.2734, avg=69.2734
Memuse(MB) at After do interp, min=69.2734, max=69.2734, avg=69.2734
Memuse(MB) at After do interp, min=69.2734, max=69.2734, avg=69.2734
Memuse(MB) at After do interp, min=69.293, max=69.293, avg=69.293
Memuse(MB) at After do interp, min=69.293, max=69.293, avg=69.293
Memuse(MB) at After do interp, min=69.3438, max=69.3438, avg=69.3438
Memuse(MB) at After do interp, min=69.3438, max=69.3438, avg=69.3438
Memuse(MB) at After do interp, min=69.3438, max=69.3438, avg=69.3438
Memuse(MB) at After do interp, min=69.3438, max=69.3438, avg=69.3438
Memuse(MB) at After do interp, min=69.3945, max=69.3945, avg=69.3945
Memuse(MB) at After do interp, min=69.4414, max=69.4414, avg=69.4414
Memuse(MB) at After do interp, min=69.4414, max=69.4414, avg=69.4414
Memuse(MB) at After do interp, min=69.4414, max=69.4414, avg=69.4414
Memuse(MB) at After do interp, min=69.4414, max=69.4414, avg=69.4414
Memuse(MB) at After do interp, min=69.4414, max=69.4414, avg=69.4414
Memuse(MB) at After do interp, min=69.4414, max=69.4414, avg=69.4414
Memuse(MB) at After do interp, min=69.4414, max=69.4414, avg=69.4414
Memuse(MB) at After do interp, min=69.4648, max=69.4648, avg=69.4648
Memuse(MB) at After do interp, min=69.4648, max=69.4648, avg=69.4648
Memuse(MB) at After do interp, min=69.5117, max=69.5117, avg=69.5117
Memuse(MB) at After do interp, min=69.5117, max=69.5117, avg=69.5117
Memuse(MB) at After do interp, min=69.5117, max=69.5117, avg=69.5117
Memuse(MB) at After do interp, min=69.5117, max=69.5117, avg=69.5117
Memuse(MB) at After do interp, min=69.5625, max=69.5625, avg=69.5625
Memuse(MB) at After do interp, min=69.6133, max=69.6133, avg=69.6133
Memuse(MB) at After do interp, min=69.6133, max=69.6133, avg=69.6133
Memuse(MB) at After do interp, min=69.6133, max=69.6133, avg=69.6133
Memuse(MB) at After do interp, min=69.6133, max=69.6133, avg=69.6133
Memuse(MB) at After do interp, min=69.6133, max=69.6133, avg=69.6133
Memuse(MB) at After do interp, min=69.6133, max=69.6133, avg=69.6133
Memuse(MB) at After do interp, min=69.6133, max=69.6133, avg=69.6133
Memuse(MB) at After do interp, min=69.6328, max=69.6328, avg=69.6328
Memuse(MB) at After do interp, min=69.6836, max=69.6836, avg=69.6836
Memuse(MB) at After do interp, min=69.6836, max=69.6836, avg=69.6836
Memuse(MB) at After do interp, min=69.6836, max=69.6836, avg=69.6836
Memuse(MB) at After do interp, min=69.6836, max=69.6836, avg=69.6836
Memuse(MB) at After do interp, min=69.6836, max=69.6836, avg=69.6836
Memuse(MB) at After do interp, min=69.7305, max=69.7305, avg=69.7305
Memuse(MB) at After do interp, min=69.7812, max=69.7812, avg=69.7812
Memuse(MB) at After do interp, min=69.7812, max=69.7812, avg=69.7812
Memuse(MB) at After do interp, min=69.7812, max=69.7812, avg=69.7812
Memuse(MB) at After do interp, min=69.7812, max=69.7812, avg=69.7812
Memuse(MB) at After do interp, min=69.7812, max=69.7812, avg=69.7812
Memuse(MB) at After do interp, min=69.7812, max=69.7812, avg=69.7812
Memuse(MB) at After do interp, min=69.7812, max=69.7812, avg=69.7812
Memuse(MB) at After do interp, min=69.8008, max=69.8008, avg=69.8008
Memuse(MB) at After do interp, min=69.8516, max=69.8516, avg=69.8516
Memuse(MB) at After do interp, min=69.8516, max=69.8516, avg=69.8516
Memuse(MB) at After do interp, min=69.8516, max=69.8516, avg=69.8516
Memuse(MB) at After do interp, min=69.8516, max=69.8516, avg=69.8516
Memuse(MB) at After do interp, min=69.8516, max=69.8516, avg=69.8516
Memuse(MB) at After do interp, min=69.9023, max=69.9023, avg=69.9023
Memuse(MB) at After do interp, min=69.9492, max=69.9492, avg=69.9492
Memuse(MB) at After do interp, min=69.9492, max=69.9492, avg=69.9492
Memuse(MB) at After do interp, min=69.9492, max=69.9492, avg=69.9492
Memuse(MB) at After do interp, min=69.9492, max=69.9492, avg=69.9492
Memuse(MB) at After do interp, min=69.9492, max=69.9492, avg=69.9492
Memuse(MB) at After do interp, min=69.9492, max=69.9492, avg=69.9492
Memuse(MB) at After do interp, min=69.9492, max=69.9492, avg=69.9492
Memuse(MB) at After do interp, min=69.9727, max=69.9727, avg=69.9727
Memuse(MB) at After do interp, min=70.0195, max=70.0195, avg=70.0195
Memuse(MB) at After do interp, min=70.0195, max=70.0195, avg=70.0195
Memuse(MB) at After do interp, min=70.0195, max=70.0195, avg=70.0195
Memuse(MB) at After do interp, min=70.0195, max=70.0195, avg=70.0195
Memuse(MB) at After do interp, min=70.0195, max=70.0195, avg=70.0195
Memuse(MB) at After do interp, min=70.0703, max=70.0703, avg=70.0703
Memuse(MB) at After do interp, min=70.1211, max=70.1211, avg=70.1211
Memuse(MB) at After do interp, min=70.1211, max=70.1211, avg=70.1211
Memuse(MB) at After do interp, min=70.1211, max=70.1211, avg=70.1211
Memuse(MB) at After do interp, min=70.1211, max=70.1211, avg=70.1211
Memuse(MB) at After do interp, min=70.1211, max=70.1211, avg=70.1211
Memuse(MB) at After do interp, min=70.1211, max=70.1211, avg=70.1211
Memuse(MB) at After do interp, min=70.1211, max=70.1211, avg=70.1211
Memuse(MB) at After do interp, min=70.1406, max=70.1406, avg=70.1406
Memuse(MB) at After do interp, min=70.1914, max=70.1914, avg=70.1914
Memuse(MB) at After do interp, min=70.1914, max=70.1914, avg=70.1914
Memuse(MB) at After do interp, min=70.1914, max=70.1914, avg=70.1914
Memuse(MB) at After do interp, min=70.1914, max=70.1914, avg=70.1914
Running time for get_input, min=49.12, max=49.12, avg=49.12
Running time for do_interp, min=19.53, max=19.53, avg=19.53
Running time for write_data, min=3.97, max=3.97, avg=3.97
Successfully running fregrid and the following output file are generated.
****dailyUT.nc
fregrid time
finished regridding 3
finished moving
