starting work on 15
Cloning into 'FREgrid'...
‘./FREgrid/C96_grid.tile1.nc’ -> ‘./C96_grid.tile1.nc’
‘./FREgrid/C96_grid.tile2.nc’ -> ‘./C96_grid.tile2.nc’
‘./FREgrid/C96_grid.tile3.nc’ -> ‘./C96_grid.tile3.nc’
‘./FREgrid/C96_grid.tile4.nc’ -> ‘./C96_grid.tile4.nc’
‘./FREgrid/C96_grid.tile5.nc’ -> ‘./C96_grid.tile5.nc’
‘./FREgrid/C96_grid.tile6.nc’ -> ‘./C96_grid.tile6.nc’
‘./FREgrid/C96_mosaic.nc’ -> ‘./C96_mosaic.nc’
‘./FREgrid/GridRunner’ -> ‘./GridRunner’
‘./FREgrid/grid_spec.nc’ -> ‘./grid_spec.nc’
‘./FREgrid/mborrus@login.sherlock.stanford.edu’ -> ‘./mborrus@login.sherlock.stanford.edu’
‘./FREgrid/README.md’ -> ‘./README.md’
****fregrid: first order conservative scheme will be used for regridding.
Memuse(MB) at Before calling get_input_grid, min=5.89844, max=5.89844, avg=5.89844
Memuse(MB) at After calling get_input_grid, min=9.91406, max=9.91406, avg=9.91406
Memuse(MB) at After calling get_output_grid, min=9.91406, max=9.91406, avg=9.91406
Memuse(MB) at After get_input_output_cell_area, min=9.9375, max=9.9375, avg=9.9375
Input: filename=19790101.atmos_daily.tile1.nc, nvar=10, format=2
Not compressing because input file is NetCDF3
Memuse(MB) at After set_output_metadata, min=36.3867, max=36.3867, avg=36.3867
NOTE: done calculating index and weight for conservative interpolation
Memuse(MB) at After setup interp, min=45.1016, max=45.1016, avg=45.1016
Running time for get_input_grid, min=0.07, max=0.07, avg=0.07
Running time for get_output_grid, min=0, max=0, avg=0
Running time for setup_interp, min=0.79, max=0.79, avg=0.79
Memuse(MB) at After do interp, min=45.1016, max=45.1016, avg=45.1016
Memuse(MB) at After do interp, min=45.1016, max=45.1016, avg=45.1016
Memuse(MB) at After do interp, min=68.5664, max=68.5664, avg=68.5664
Memuse(MB) at After do interp, min=68.5938, max=68.5938, avg=68.5938
Memuse(MB) at After do interp, min=68.5938, max=68.5938, avg=68.5938
Memuse(MB) at After do interp, min=68.5938, max=68.5938, avg=68.5938
Memuse(MB) at After do interp, min=68.5938, max=68.5938, avg=68.5938
Memuse(MB) at After do interp, min=68.5938, max=68.5938, avg=68.5938
Memuse(MB) at After do interp, min=68.5938, max=68.5938, avg=68.5938
Memuse(MB) at After do interp, min=68.5938, max=68.5938, avg=68.5938
Memuse(MB) at After do interp, min=68.5938, max=68.5938, avg=68.5938
Memuse(MB) at After do interp, min=68.5938, max=68.5938, avg=68.5938
Memuse(MB) at After do interp, min=68.5938, max=68.5938, avg=68.5938
Memuse(MB) at After do interp, min=68.5938, max=68.5938, avg=68.5938
Memuse(MB) at After do interp, min=68.5938, max=68.5938, avg=68.5938
Memuse(MB) at After do interp, min=68.5938, max=68.5938, avg=68.5938
Memuse(MB) at After do interp, min=68.5938, max=68.5938, avg=68.5938
Memuse(MB) at After do interp, min=68.5938, max=68.5938, avg=68.5938
Memuse(MB) at After do interp, min=68.5938, max=68.5938, avg=68.5938
Memuse(MB) at After do interp, min=68.5938, max=68.5938, avg=68.5938
Memuse(MB) at After do interp, min=68.5938, max=68.5938, avg=68.5938
Memuse(MB) at After do interp, min=68.5938, max=68.5938, avg=68.5938
Memuse(MB) at After do interp, min=68.5938, max=68.5938, avg=68.5938
Memuse(MB) at After do interp, min=68.5938, max=68.5938, avg=68.5938
Memuse(MB) at After do interp, min=68.5938, max=68.5938, avg=68.5938
Memuse(MB) at After do interp, min=68.5938, max=68.5938, avg=68.5938
Memuse(MB) at After do interp, min=68.5938, max=68.5938, avg=68.5938
Memuse(MB) at After do interp, min=68.5938, max=68.5938, avg=68.5938
Memuse(MB) at After do interp, min=68.5938, max=68.5938, avg=68.5938
Memuse(MB) at After do interp, min=68.5938, max=68.5938, avg=68.5938
Memuse(MB) at After do interp, min=68.5938, max=68.5938, avg=68.5938
Memuse(MB) at After do interp, min=68.5938, max=68.5938, avg=68.5938
Memuse(MB) at After do interp, min=68.5938, max=68.5938, avg=68.5938
Memuse(MB) at After do interp, min=68.5938, max=68.5938, avg=68.5938
Memuse(MB) at After do interp, min=68.5938, max=68.5938, avg=68.5938
Memuse(MB) at After do interp, min=68.5938, max=68.5938, avg=68.5938
Memuse(MB) at After do interp, min=68.5938, max=68.5938, avg=68.5938
Memuse(MB) at After do interp, min=68.5938, max=68.5938, avg=68.5938
Memuse(MB) at After do interp, min=68.5938, max=68.5938, avg=68.5938
Memuse(MB) at After do interp, min=68.5938, max=68.5938, avg=68.5938
Memuse(MB) at After do interp, min=68.5938, max=68.5938, avg=68.5938
Memuse(MB) at After do interp, min=68.5938, max=68.5938, avg=68.5938
Memuse(MB) at After do interp, min=68.5938, max=68.5938, avg=68.5938
Memuse(MB) at After do interp, min=68.5938, max=68.5938, avg=68.5938
Memuse(MB) at After do interp, min=68.5938, max=68.5938, avg=68.5938
Memuse(MB) at After do interp, min=68.5938, max=68.5938, avg=68.5938
Memuse(MB) at After do interp, min=68.5938, max=68.5938, avg=68.5938
Memuse(MB) at After do interp, min=68.5938, max=68.5938, avg=68.5938
Memuse(MB) at After do interp, min=68.5977, max=68.5977, avg=68.5977
Memuse(MB) at After do interp, min=68.5977, max=68.5977, avg=68.5977
Memuse(MB) at After do interp, min=68.5977, max=68.5977, avg=68.5977
Memuse(MB) at After do interp, min=68.5977, max=68.5977, avg=68.5977
Memuse(MB) at After do interp, min=68.5977, max=68.5977, avg=68.5977
Memuse(MB) at After do interp, min=68.5977, max=68.5977, avg=68.5977
Memuse(MB) at After do interp, min=68.5977, max=68.5977, avg=68.5977
Memuse(MB) at After do interp, min=68.5977, max=68.5977, avg=68.5977
Memuse(MB) at After do interp, min=68.5977, max=68.5977, avg=68.5977
Memuse(MB) at After do interp, min=68.5977, max=68.5977, avg=68.5977
Memuse(MB) at After do interp, min=68.5977, max=68.5977, avg=68.5977
Memuse(MB) at After do interp, min=68.5977, max=68.5977, avg=68.5977
Memuse(MB) at After do interp, min=68.5977, max=68.5977, avg=68.5977
Memuse(MB) at After do interp, min=68.5977, max=68.5977, avg=68.5977
Memuse(MB) at After do interp, min=68.5977, max=68.5977, avg=68.5977
Memuse(MB) at After do interp, min=68.5977, max=68.5977, avg=68.5977
Memuse(MB) at After do interp, min=68.5977, max=68.5977, avg=68.5977
Memuse(MB) at After do interp, min=68.5977, max=68.5977, avg=68.5977
Memuse(MB) at After do interp, min=68.5977, max=68.5977, avg=68.5977
Memuse(MB) at After do interp, min=68.5977, max=68.5977, avg=68.5977
Memuse(MB) at After do interp, min=68.5977, max=68.5977, avg=68.5977
Memuse(MB) at After do interp, min=68.5977, max=68.5977, avg=68.5977
Memuse(MB) at After do interp, min=68.5977, max=68.5977, avg=68.5977
Memuse(MB) at After do interp, min=68.5977, max=68.5977, avg=68.5977
Memuse(MB) at After do interp, min=68.5977, max=68.5977, avg=68.5977
Memuse(MB) at After do interp, min=68.5977, max=68.5977, avg=68.5977
Memuse(MB) at After do interp, min=68.5977, max=68.5977, avg=68.5977
Memuse(MB) at After do interp, min=68.5977, max=68.5977, avg=68.5977
Memuse(MB) at After do interp, min=68.5977, max=68.5977, avg=68.5977
Memuse(MB) at After do interp, min=68.5977, max=68.5977, avg=68.5977
Memuse(MB) at After do interp, min=68.5977, max=68.5977, avg=68.5977
Memuse(MB) at After do interp, min=68.5977, max=68.5977, avg=68.5977
Memuse(MB) at After do interp, min=68.5977, max=68.5977, avg=68.5977
Memuse(MB) at After do interp, min=68.5977, max=68.5977, avg=68.5977
Memuse(MB) at After do interp, min=68.5977, max=68.5977, avg=68.5977
Memuse(MB) at After do interp, min=68.5977, max=68.5977, avg=68.5977
Memuse(MB) at After do interp, min=68.5977, max=68.5977, avg=68.5977
Memuse(MB) at After do interp, min=68.5977, max=68.5977, avg=68.5977
Memuse(MB) at After do interp, min=68.5977, max=68.5977, avg=68.5977
Memuse(MB) at After do interp, min=68.5977, max=68.5977, avg=68.5977
Memuse(MB) at After do interp, min=68.5977, max=68.5977, avg=68.5977
Memuse(MB) at After do interp, min=68.5977, max=68.5977, avg=68.5977
Memuse(MB) at After do interp, min=68.5977, max=68.5977, avg=68.5977
Memuse(MB) at After do interp, min=68.5977, max=68.5977, avg=68.5977
Memuse(MB) at After do interp, min=68.5977, max=68.5977, avg=68.5977
Memuse(MB) at After do interp, min=68.5977, max=68.5977, avg=68.5977
Memuse(MB) at After do interp, min=68.5977, max=68.5977, avg=68.5977
Memuse(MB) at After do interp, min=68.5977, max=68.5977, avg=68.5977
Memuse(MB) at After do interp, min=68.5977, max=68.5977, avg=68.5977
Memuse(MB) at After do interp, min=68.5977, max=68.5977, avg=68.5977
Memuse(MB) at After do interp, min=68.5977, max=68.5977, avg=68.5977
Memuse(MB) at After do interp, min=68.5977, max=68.5977, avg=68.5977
Memuse(MB) at After do interp, min=68.5977, max=68.5977, avg=68.5977
Memuse(MB) at After do interp, min=68.5977, max=68.5977, avg=68.5977
Memuse(MB) at After do interp, min=68.5977, max=68.5977, avg=68.5977
Memuse(MB) at After do interp, min=68.5977, max=68.5977, avg=68.5977
Memuse(MB) at After do interp, min=68.5977, max=68.5977, avg=68.5977
Memuse(MB) at After do interp, min=68.5977, max=68.5977, avg=68.5977
Memuse(MB) at After do interp, min=68.5977, max=68.5977, avg=68.5977
Memuse(MB) at After do interp, min=68.5977, max=68.5977, avg=68.5977
Memuse(MB) at After do interp, min=68.5977, max=68.5977, avg=68.5977
Memuse(MB) at After do interp, min=68.5977, max=68.5977, avg=68.5977
Memuse(MB) at After do interp, min=68.5977, max=68.5977, avg=68.5977
Memuse(MB) at After do interp, min=68.5977, max=68.5977, avg=68.5977
Memuse(MB) at After do interp, min=68.5977, max=68.5977, avg=68.5977
Memuse(MB) at After do interp, min=68.5977, max=68.5977, avg=68.5977
Memuse(MB) at After do interp, min=68.5977, max=68.5977, avg=68.5977
Memuse(MB) at After do interp, min=68.5977, max=68.5977, avg=68.5977
Memuse(MB) at After do interp, min=68.5977, max=68.5977, avg=68.5977
Memuse(MB) at After do interp, min=68.5977, max=68.5977, avg=68.5977
Memuse(MB) at After do interp, min=68.5977, max=68.5977, avg=68.5977
Memuse(MB) at After do interp, min=68.5977, max=68.5977, avg=68.5977
Memuse(MB) at After do interp, min=68.5977, max=68.5977, avg=68.5977
Memuse(MB) at After do interp, min=68.5977, max=68.5977, avg=68.5977
Memuse(MB) at After do interp, min=68.5977, max=68.5977, avg=68.5977
Memuse(MB) at After do interp, min=68.5977, max=68.5977, avg=68.5977
Memuse(MB) at After do interp, min=68.5977, max=68.5977, avg=68.5977
Memuse(MB) at After do interp, min=68.5977, max=68.5977, avg=68.5977
Memuse(MB) at After do interp, min=68.5977, max=68.5977, avg=68.5977
Memuse(MB) at After do interp, min=68.5977, max=68.5977, avg=68.5977
Memuse(MB) at After do interp, min=68.5977, max=68.5977, avg=68.5977
Memuse(MB) at After do interp, min=68.5977, max=68.5977, avg=68.5977
Memuse(MB) at After do interp, min=68.5977, max=68.5977, avg=68.5977
Memuse(MB) at After do interp, min=68.5977, max=68.5977, avg=68.5977
Memuse(MB) at After do interp, min=68.5977, max=68.5977, avg=68.5977
Memuse(MB) at After do interp, min=68.5977, max=68.5977, avg=68.5977
Memuse(MB) at After do interp, min=68.5977, max=68.5977, avg=68.5977
Memuse(MB) at After do interp, min=68.5977, max=68.5977, avg=68.5977
Memuse(MB) at After do interp, min=68.5977, max=68.5977, avg=68.5977
Memuse(MB) at After do interp, min=68.5977, max=68.5977, avg=68.5977
Memuse(MB) at After do interp, min=68.5977, max=68.5977, avg=68.5977
Memuse(MB) at After do interp, min=68.5977, max=68.5977, avg=68.5977
Memuse(MB) at After do interp, min=68.5977, max=68.5977, avg=68.5977
Memuse(MB) at After do interp, min=68.5977, max=68.5977, avg=68.5977
Memuse(MB) at After do interp, min=68.5977, max=68.5977, avg=68.5977
Memuse(MB) at After do interp, min=68.5977, max=68.5977, avg=68.5977
Memuse(MB) at After do interp, min=68.5977, max=68.5977, avg=68.5977
Memuse(MB) at After do interp, min=68.5977, max=68.5977, avg=68.5977
Memuse(MB) at After do interp, min=68.5977, max=68.5977, avg=68.5977
Memuse(MB) at After do interp, min=68.5977, max=68.5977, avg=68.5977
Memuse(MB) at After do interp, min=68.5977, max=68.5977, avg=68.5977
Memuse(MB) at After do interp, min=68.5977, max=68.5977, avg=68.5977
Memuse(MB) at After do interp, min=68.5977, max=68.5977, avg=68.5977
Memuse(MB) at After do interp, min=68.5977, max=68.5977, avg=68.5977
Memuse(MB) at After do interp, min=68.5977, max=68.5977, avg=68.5977
Memuse(MB) at After do interp, min=68.5977, max=68.5977, avg=68.5977
Memuse(MB) at After do interp, min=68.5977, max=68.5977, avg=68.5977
Memuse(MB) at After do interp, min=68.5977, max=68.5977, avg=68.5977
Memuse(MB) at After do interp, min=68.5977, max=68.5977, avg=68.5977
Memuse(MB) at After do interp, min=68.5977, max=68.5977, avg=68.5977
Memuse(MB) at After do interp, min=68.5977, max=68.5977, avg=68.5977
Memuse(MB) at After do interp, min=68.5977, max=68.5977, avg=68.5977
Memuse(MB) at After do interp, min=68.5977, max=68.5977, avg=68.5977
Memuse(MB) at After do interp, min=68.5977, max=68.5977, avg=68.5977
Memuse(MB) at After do interp, min=68.5977, max=68.5977, avg=68.5977
Memuse(MB) at After do interp, min=68.5977, max=68.5977, avg=68.5977
Memuse(MB) at After do interp, min=68.5977, max=68.5977, avg=68.5977
Memuse(MB) at After do interp, min=68.5977, max=68.5977, avg=68.5977
Memuse(MB) at After do interp, min=68.5977, max=68.5977, avg=68.5977
Memuse(MB) at After do interp, min=68.5977, max=68.5977, avg=68.5977
Memuse(MB) at After do interp, min=68.5977, max=68.5977, avg=68.5977
Memuse(MB) at After do interp, min=68.5977, max=68.5977, avg=68.5977
Memuse(MB) at After do interp, min=68.5977, max=68.5977, avg=68.5977
Memuse(MB) at After do interp, min=68.5977, max=68.5977, avg=68.5977
Memuse(MB) at After do interp, min=68.5977, max=68.5977, avg=68.5977
Memuse(MB) at After do interp, min=68.5977, max=68.5977, avg=68.5977
Memuse(MB) at After do interp, min=68.5977, max=68.5977, avg=68.5977
Memuse(MB) at After do interp, min=68.5977, max=68.5977, avg=68.5977
Memuse(MB) at After do interp, min=68.5977, max=68.5977, avg=68.5977
Memuse(MB) at After do interp, min=68.5977, max=68.5977, avg=68.5977
Memuse(MB) at After do interp, min=68.5977, max=68.5977, avg=68.5977
Memuse(MB) at After do interp, min=68.5977, max=68.5977, avg=68.5977
Memuse(MB) at After do interp, min=68.5977, max=68.5977, avg=68.5977
Memuse(MB) at After do interp, min=68.5977, max=68.5977, avg=68.5977
Memuse(MB) at After do interp, min=68.5977, max=68.5977, avg=68.5977
Memuse(MB) at After do interp, min=68.5977, max=68.5977, avg=68.5977
Memuse(MB) at After do interp, min=68.5977, max=68.5977, avg=68.5977
Memuse(MB) at After do interp, min=68.5977, max=68.5977, avg=68.5977
Memuse(MB) at After do interp, min=68.5977, max=68.5977, avg=68.5977
Memuse(MB) at After do interp, min=68.5977, max=68.5977, avg=68.5977
Memuse(MB) at After do interp, min=68.5977, max=68.5977, avg=68.5977
Memuse(MB) at After do interp, min=68.5977, max=68.5977, avg=68.5977
Memuse(MB) at After do interp, min=68.5977, max=68.5977, avg=68.5977
Memuse(MB) at After do interp, min=68.5977, max=68.5977, avg=68.5977
Memuse(MB) at After do interp, min=68.5977, max=68.5977, avg=68.5977
Memuse(MB) at After do interp, min=68.5977, max=68.5977, avg=68.5977
Memuse(MB) at After do interp, min=68.5977, max=68.5977, avg=68.5977
Memuse(MB) at After do interp, min=68.5977, max=68.5977, avg=68.5977
Memuse(MB) at After do interp, min=68.5977, max=68.5977, avg=68.5977
Memuse(MB) at After do interp, min=68.5977, max=68.5977, avg=68.5977
Memuse(MB) at After do interp, min=68.5977, max=68.5977, avg=68.5977
Memuse(MB) at After do interp, min=68.5977, max=68.5977, avg=68.5977
Memuse(MB) at After do interp, min=68.5977, max=68.5977, avg=68.5977
Memuse(MB) at After do interp, min=68.5977, max=68.5977, avg=68.5977
Memuse(MB) at After do interp, min=68.5977, max=68.5977, avg=68.5977
Memuse(MB) at After do interp, min=68.5977, max=68.5977, avg=68.5977
Memuse(MB) at After do interp, min=68.5977, max=68.5977, avg=68.5977
Memuse(MB) at After do interp, min=68.5977, max=68.5977, avg=68.5977
Memuse(MB) at After do interp, min=68.5977, max=68.5977, avg=68.5977
Memuse(MB) at After do interp, min=68.5977, max=68.5977, avg=68.5977
Memuse(MB) at After do interp, min=68.5977, max=68.5977, avg=68.5977
Memuse(MB) at After do interp, min=68.5977, max=68.5977, avg=68.5977
Memuse(MB) at After do interp, min=68.5977, max=68.5977, avg=68.5977
Memuse(MB) at After do interp, min=68.5977, max=68.5977, avg=68.5977
Memuse(MB) at After do interp, min=68.5977, max=68.5977, avg=68.5977
Memuse(MB) at After do interp, min=68.5977, max=68.5977, avg=68.5977
Memuse(MB) at After do interp, min=68.5977, max=68.5977, avg=68.5977
Memuse(MB) at After do interp, min=68.5977, max=68.5977, avg=68.5977
Memuse(MB) at After do interp, min=68.5977, max=68.5977, avg=68.5977
Memuse(MB) at After do interp, min=68.5977, max=68.5977, avg=68.5977
Memuse(MB) at After do interp, min=68.5977, max=68.5977, avg=68.5977
Memuse(MB) at After do interp, min=68.5977, max=68.5977, avg=68.5977
Memuse(MB) at After do interp, min=68.5977, max=68.5977, avg=68.5977
Memuse(MB) at After do interp, min=68.5977, max=68.5977, avg=68.5977
Memuse(MB) at After do interp, min=68.5977, max=68.5977, avg=68.5977
Memuse(MB) at After do interp, min=68.5977, max=68.5977, avg=68.5977
Memuse(MB) at After do interp, min=68.5977, max=68.5977, avg=68.5977
Memuse(MB) at After do interp, min=68.5977, max=68.5977, avg=68.5977
Memuse(MB) at After do interp, min=68.5977, max=68.5977, avg=68.5977
Memuse(MB) at After do interp, min=68.5977, max=68.5977, avg=68.5977
Memuse(MB) at After do interp, min=68.5977, max=68.5977, avg=68.5977
Memuse(MB) at After do interp, min=68.5977, max=68.5977, avg=68.5977
Memuse(MB) at After do interp, min=68.6094, max=68.6094, avg=68.6094
Memuse(MB) at After do interp, min=68.6094, max=68.6094, avg=68.6094
Memuse(MB) at After do interp, min=68.6094, max=68.6094, avg=68.6094
Memuse(MB) at After do interp, min=68.6094, max=68.6094, avg=68.6094
Memuse(MB) at After do interp, min=68.6289, max=68.6289, avg=68.6289
Memuse(MB) at After do interp, min=68.6289, max=68.6289, avg=68.6289
Memuse(MB) at After do interp, min=68.6797, max=68.6797, avg=68.6797
Memuse(MB) at After do interp, min=68.6797, max=68.6797, avg=68.6797
Memuse(MB) at After do interp, min=68.6797, max=68.6797, avg=68.6797
Memuse(MB) at After do interp, min=68.6797, max=68.6797, avg=68.6797
Memuse(MB) at After do interp, min=68.7266, max=68.7266, avg=68.7266
Memuse(MB) at After do interp, min=68.7773, max=68.7773, avg=68.7773
Memuse(MB) at After do interp, min=68.7773, max=68.7773, avg=68.7773
Memuse(MB) at After do interp, min=68.7773, max=68.7773, avg=68.7773
Memuse(MB) at After do interp, min=68.7773, max=68.7773, avg=68.7773
Memuse(MB) at After do interp, min=68.7773, max=68.7773, avg=68.7773
Memuse(MB) at After do interp, min=68.7773, max=68.7773, avg=68.7773
Memuse(MB) at After do interp, min=68.7773, max=68.7773, avg=68.7773
Memuse(MB) at After do interp, min=68.7969, max=68.7969, avg=68.7969
Memuse(MB) at After do interp, min=68.7969, max=68.7969, avg=68.7969
Memuse(MB) at After do interp, min=68.8477, max=68.8477, avg=68.8477
Memuse(MB) at After do interp, min=68.8477, max=68.8477, avg=68.8477
Memuse(MB) at After do interp, min=68.8477, max=68.8477, avg=68.8477
Memuse(MB) at After do interp, min=68.8477, max=68.8477, avg=68.8477
Memuse(MB) at After do interp, min=68.8984, max=68.8984, avg=68.8984
Memuse(MB) at After do interp, min=68.9453, max=68.9453, avg=68.9453
Memuse(MB) at After do interp, min=68.9453, max=68.9453, avg=68.9453
Memuse(MB) at After do interp, min=68.9453, max=68.9453, avg=68.9453
Memuse(MB) at After do interp, min=68.9453, max=68.9453, avg=68.9453
Memuse(MB) at After do interp, min=68.9453, max=68.9453, avg=68.9453
Memuse(MB) at After do interp, min=68.9453, max=68.9453, avg=68.9453
Memuse(MB) at After do interp, min=68.9453, max=68.9453, avg=68.9453
Memuse(MB) at After do interp, min=68.9688, max=68.9688, avg=68.9688
Memuse(MB) at After do interp, min=68.9688, max=68.9688, avg=68.9688
Memuse(MB) at After do interp, min=69.0156, max=69.0156, avg=69.0156
Memuse(MB) at After do interp, min=69.0156, max=69.0156, avg=69.0156
Memuse(MB) at After do interp, min=69.0156, max=69.0156, avg=69.0156
Memuse(MB) at After do interp, min=69.0156, max=69.0156, avg=69.0156
Memuse(MB) at After do interp, min=69.0664, max=69.0664, avg=69.0664
Memuse(MB) at After do interp, min=69.1172, max=69.1172, avg=69.1172
Memuse(MB) at After do interp, min=69.1172, max=69.1172, avg=69.1172
Memuse(MB) at After do interp, min=69.1172, max=69.1172, avg=69.1172
Memuse(MB) at After do interp, min=69.1172, max=69.1172, avg=69.1172
Memuse(MB) at After do interp, min=69.1172, max=69.1172, avg=69.1172
Memuse(MB) at After do interp, min=69.1172, max=69.1172, avg=69.1172
Memuse(MB) at After do interp, min=69.1172, max=69.1172, avg=69.1172
Memuse(MB) at After do interp, min=69.1367, max=69.1367, avg=69.1367
Memuse(MB) at After do interp, min=69.1367, max=69.1367, avg=69.1367
Memuse(MB) at After do interp, min=69.1875, max=69.1875, avg=69.1875
Memuse(MB) at After do interp, min=69.1875, max=69.1875, avg=69.1875
Memuse(MB) at After do interp, min=69.1875, max=69.1875, avg=69.1875
Memuse(MB) at After do interp, min=69.1875, max=69.1875, avg=69.1875
Memuse(MB) at After do interp, min=69.2344, max=69.2344, avg=69.2344
Memuse(MB) at After do interp, min=69.2852, max=69.2852, avg=69.2852
Memuse(MB) at After do interp, min=69.2852, max=69.2852, avg=69.2852
Memuse(MB) at After do interp, min=69.2852, max=69.2852, avg=69.2852
Memuse(MB) at After do interp, min=69.2852, max=69.2852, avg=69.2852
Memuse(MB) at After do interp, min=69.2852, max=69.2852, avg=69.2852
Memuse(MB) at After do interp, min=69.2852, max=69.2852, avg=69.2852
Memuse(MB) at After do interp, min=69.2852, max=69.2852, avg=69.2852
Memuse(MB) at After do interp, min=69.3047, max=69.3047, avg=69.3047
Memuse(MB) at After do interp, min=69.3047, max=69.3047, avg=69.3047
Memuse(MB) at After do interp, min=69.3555, max=69.3555, avg=69.3555
Memuse(MB) at After do interp, min=69.3555, max=69.3555, avg=69.3555
Memuse(MB) at After do interp, min=69.3555, max=69.3555, avg=69.3555
Memuse(MB) at After do interp, min=69.3555, max=69.3555, avg=69.3555
Memuse(MB) at After do interp, min=69.4062, max=69.4062, avg=69.4062
Memuse(MB) at After do interp, min=69.4531, max=69.4531, avg=69.4531
Memuse(MB) at After do interp, min=69.4531, max=69.4531, avg=69.4531
Memuse(MB) at After do interp, min=69.4531, max=69.4531, avg=69.4531
Memuse(MB) at After do interp, min=69.4531, max=69.4531, avg=69.4531
Memuse(MB) at After do interp, min=69.4531, max=69.4531, avg=69.4531
Memuse(MB) at After do interp, min=69.4531, max=69.4531, avg=69.4531
Memuse(MB) at After do interp, min=69.4531, max=69.4531, avg=69.4531
Memuse(MB) at After do interp, min=69.4766, max=69.4766, avg=69.4766
Memuse(MB) at After do interp, min=69.4766, max=69.4766, avg=69.4766
Memuse(MB) at After do interp, min=69.5234, max=69.5234, avg=69.5234
Memuse(MB) at After do interp, min=69.5234, max=69.5234, avg=69.5234
Memuse(MB) at After do interp, min=69.5234, max=69.5234, avg=69.5234
Memuse(MB) at After do interp, min=69.5234, max=69.5234, avg=69.5234
Memuse(MB) at After do interp, min=69.5742, max=69.5742, avg=69.5742
Memuse(MB) at After do interp, min=69.625, max=69.625, avg=69.625
Memuse(MB) at After do interp, min=69.625, max=69.625, avg=69.625
Memuse(MB) at After do interp, min=69.625, max=69.625, avg=69.625
Memuse(MB) at After do interp, min=69.625, max=69.625, avg=69.625
Memuse(MB) at After do interp, min=69.625, max=69.625, avg=69.625
Memuse(MB) at After do interp, min=69.625, max=69.625, avg=69.625
Memuse(MB) at After do interp, min=69.625, max=69.625, avg=69.625
Memuse(MB) at After do interp, min=69.6445, max=69.6445, avg=69.6445
Memuse(MB) at After do interp, min=69.6953, max=69.6953, avg=69.6953
Memuse(MB) at After do interp, min=69.6953, max=69.6953, avg=69.6953
Memuse(MB) at After do interp, min=69.6953, max=69.6953, avg=69.6953
Memuse(MB) at After do interp, min=69.6953, max=69.6953, avg=69.6953
Memuse(MB) at After do interp, min=69.6953, max=69.6953, avg=69.6953
Memuse(MB) at After do interp, min=69.7422, max=69.7422, avg=69.7422
Memuse(MB) at After do interp, min=69.793, max=69.793, avg=69.793
Memuse(MB) at After do interp, min=69.793, max=69.793, avg=69.793
Memuse(MB) at After do interp, min=69.793, max=69.793, avg=69.793
Memuse(MB) at After do interp, min=69.793, max=69.793, avg=69.793
Memuse(MB) at After do interp, min=69.793, max=69.793, avg=69.793
Memuse(MB) at After do interp, min=69.793, max=69.793, avg=69.793
Memuse(MB) at After do interp, min=69.793, max=69.793, avg=69.793
Memuse(MB) at After do interp, min=69.8125, max=69.8125, avg=69.8125
Memuse(MB) at After do interp, min=69.8633, max=69.8633, avg=69.8633
Memuse(MB) at After do interp, min=69.8633, max=69.8633, avg=69.8633
Memuse(MB) at After do interp, min=69.8633, max=69.8633, avg=69.8633
Memuse(MB) at After do interp, min=69.8633, max=69.8633, avg=69.8633
Memuse(MB) at After do interp, min=69.8633, max=69.8633, avg=69.8633
Memuse(MB) at After do interp, min=69.9141, max=69.9141, avg=69.9141
Memuse(MB) at After do interp, min=69.9609, max=69.9609, avg=69.9609
Memuse(MB) at After do interp, min=69.9609, max=69.9609, avg=69.9609
Memuse(MB) at After do interp, min=69.9609, max=69.9609, avg=69.9609
Memuse(MB) at After do interp, min=69.9609, max=69.9609, avg=69.9609
Memuse(MB) at After do interp, min=69.9609, max=69.9609, avg=69.9609
Memuse(MB) at After do interp, min=69.9609, max=69.9609, avg=69.9609
Memuse(MB) at After do interp, min=69.9609, max=69.9609, avg=69.9609
Memuse(MB) at After do interp, min=69.9844, max=69.9844, avg=69.9844
Memuse(MB) at After do interp, min=70.0312, max=70.0312, avg=70.0312
Memuse(MB) at After do interp, min=70.0312, max=70.0312, avg=70.0312
Memuse(MB) at After do interp, min=70.0312, max=70.0312, avg=70.0312
Memuse(MB) at After do interp, min=70.0312, max=70.0312, avg=70.0312
Memuse(MB) at After do interp, min=70.0312, max=70.0312, avg=70.0312
Memuse(MB) at After do interp, min=70.082, max=70.082, avg=70.082
Memuse(MB) at After do interp, min=70.1328, max=70.1328, avg=70.1328
Memuse(MB) at After do interp, min=70.1328, max=70.1328, avg=70.1328
Memuse(MB) at After do interp, min=70.1328, max=70.1328, avg=70.1328
Memuse(MB) at After do interp, min=70.1328, max=70.1328, avg=70.1328
Memuse(MB) at After do interp, min=70.1328, max=70.1328, avg=70.1328
Memuse(MB) at After do interp, min=70.1328, max=70.1328, avg=70.1328
Memuse(MB) at After do interp, min=70.1328, max=70.1328, avg=70.1328
Memuse(MB) at After do interp, min=70.1523, max=70.1523, avg=70.1523
Memuse(MB) at After do interp, min=70.2031, max=70.2031, avg=70.2031
Memuse(MB) at After do interp, min=70.2031, max=70.2031, avg=70.2031
Memuse(MB) at After do interp, min=70.2031, max=70.2031, avg=70.2031
Memuse(MB) at After do interp, min=70.2031, max=70.2031, avg=70.2031
Running time for get_input, min=58.33, max=58.33, avg=58.33
Running time for do_interp, min=19.34, max=19.34, avg=19.34
Running time for write_data, min=4, max=4, avg=4
Successfully running fregrid and the following output file are generated.
****dailyUT.nc
fregrid time
finished regridding 15
finished moving
