starting work on 20
Cloning into 'FREgrid'...
‘./FREgrid/C96_grid.tile1.nc’ -> ‘./C96_grid.tile1.nc’
‘./FREgrid/C96_grid.tile2.nc’ -> ‘./C96_grid.tile2.nc’
‘./FREgrid/C96_grid.tile3.nc’ -> ‘./C96_grid.tile3.nc’
‘./FREgrid/C96_grid.tile4.nc’ -> ‘./C96_grid.tile4.nc’
‘./FREgrid/C96_grid.tile5.nc’ -> ‘./C96_grid.tile5.nc’
‘./FREgrid/C96_grid.tile6.nc’ -> ‘./C96_grid.tile6.nc’
‘./FREgrid/C96_mosaic.nc’ -> ‘./C96_mosaic.nc’
‘./FREgrid/GridRunner’ -> ‘./GridRunner’
‘./FREgrid/grid_spec.nc’ -> ‘./grid_spec.nc’
‘./FREgrid/mborrus@login.sherlock.stanford.edu’ -> ‘./mborrus@login.sherlock.stanford.edu’
‘./FREgrid/README.md’ -> ‘./README.md’
****fregrid: first order conservative scheme will be used for regridding.
Memuse(MB) at Before calling get_input_grid, min=5.89062, max=5.89062, avg=5.89062
Memuse(MB) at After calling get_input_grid, min=9.91016, max=9.91016, avg=9.91016
Memuse(MB) at After calling get_output_grid, min=9.91016, max=9.91016, avg=9.91016
Memuse(MB) at After get_input_output_cell_area, min=9.93359, max=9.93359, avg=9.93359
Input: filename=19790101.atmos_daily.tile1.nc, nvar=10, format=2
Not compressing because input file is NetCDF3
Memuse(MB) at After set_output_metadata, min=36.3047, max=36.3047, avg=36.3047
NOTE: done calculating index and weight for conservative interpolation
Memuse(MB) at After setup interp, min=45.0625, max=45.0625, avg=45.0625
Running time for get_input_grid, min=0.07, max=0.07, avg=0.07
Running time for get_output_grid, min=0, max=0, avg=0
Running time for setup_interp, min=0.74, max=0.74, avg=0.74
Memuse(MB) at After do interp, min=45.0625, max=45.0625, avg=45.0625
Memuse(MB) at After do interp, min=45.0625, max=45.0625, avg=45.0625
Memuse(MB) at After do interp, min=68.5352, max=68.5352, avg=68.5352
Memuse(MB) at After do interp, min=68.5625, max=68.5625, avg=68.5625
Memuse(MB) at After do interp, min=68.5625, max=68.5625, avg=68.5625
Memuse(MB) at After do interp, min=68.5625, max=68.5625, avg=68.5625
Memuse(MB) at After do interp, min=68.5625, max=68.5625, avg=68.5625
Memuse(MB) at After do interp, min=68.5625, max=68.5625, avg=68.5625
Memuse(MB) at After do interp, min=68.5625, max=68.5625, avg=68.5625
Memuse(MB) at After do interp, min=68.5625, max=68.5625, avg=68.5625
Memuse(MB) at After do interp, min=68.5625, max=68.5625, avg=68.5625
Memuse(MB) at After do interp, min=68.5625, max=68.5625, avg=68.5625
Memuse(MB) at After do interp, min=68.5625, max=68.5625, avg=68.5625
Memuse(MB) at After do interp, min=68.5625, max=68.5625, avg=68.5625
Memuse(MB) at After do interp, min=68.5625, max=68.5625, avg=68.5625
Memuse(MB) at After do interp, min=68.5625, max=68.5625, avg=68.5625
Memuse(MB) at After do interp, min=68.5625, max=68.5625, avg=68.5625
Memuse(MB) at After do interp, min=68.5625, max=68.5625, avg=68.5625
Memuse(MB) at After do interp, min=68.5625, max=68.5625, avg=68.5625
Memuse(MB) at After do interp, min=68.5625, max=68.5625, avg=68.5625
Memuse(MB) at After do interp, min=68.5625, max=68.5625, avg=68.5625
Memuse(MB) at After do interp, min=68.5625, max=68.5625, avg=68.5625
Memuse(MB) at After do interp, min=68.5625, max=68.5625, avg=68.5625
Memuse(MB) at After do interp, min=68.5625, max=68.5625, avg=68.5625
Memuse(MB) at After do interp, min=68.5625, max=68.5625, avg=68.5625
Memuse(MB) at After do interp, min=68.5625, max=68.5625, avg=68.5625
Memuse(MB) at After do interp, min=68.5625, max=68.5625, avg=68.5625
Memuse(MB) at After do interp, min=68.5625, max=68.5625, avg=68.5625
Memuse(MB) at After do interp, min=68.5625, max=68.5625, avg=68.5625
Memuse(MB) at After do interp, min=68.5625, max=68.5625, avg=68.5625
Memuse(MB) at After do interp, min=68.5625, max=68.5625, avg=68.5625
Memuse(MB) at After do interp, min=68.5625, max=68.5625, avg=68.5625
Memuse(MB) at After do interp, min=68.5625, max=68.5625, avg=68.5625
Memuse(MB) at After do interp, min=68.5625, max=68.5625, avg=68.5625
Memuse(MB) at After do interp, min=68.5625, max=68.5625, avg=68.5625
Memuse(MB) at After do interp, min=68.5625, max=68.5625, avg=68.5625
Memuse(MB) at After do interp, min=68.5625, max=68.5625, avg=68.5625
Memuse(MB) at After do interp, min=68.5625, max=68.5625, avg=68.5625
Memuse(MB) at After do interp, min=68.5625, max=68.5625, avg=68.5625
Memuse(MB) at After do interp, min=68.5625, max=68.5625, avg=68.5625
Memuse(MB) at After do interp, min=68.5625, max=68.5625, avg=68.5625
Memuse(MB) at After do interp, min=68.5625, max=68.5625, avg=68.5625
Memuse(MB) at After do interp, min=68.5625, max=68.5625, avg=68.5625
Memuse(MB) at After do interp, min=68.5625, max=68.5625, avg=68.5625
Memuse(MB) at After do interp, min=68.5625, max=68.5625, avg=68.5625
Memuse(MB) at After do interp, min=68.5625, max=68.5625, avg=68.5625
Memuse(MB) at After do interp, min=68.5625, max=68.5625, avg=68.5625
Memuse(MB) at After do interp, min=68.5625, max=68.5625, avg=68.5625
Memuse(MB) at After do interp, min=68.5664, max=68.5664, avg=68.5664
Memuse(MB) at After do interp, min=68.5664, max=68.5664, avg=68.5664
Memuse(MB) at After do interp, min=68.5664, max=68.5664, avg=68.5664
Memuse(MB) at After do interp, min=68.5664, max=68.5664, avg=68.5664
Memuse(MB) at After do interp, min=68.5664, max=68.5664, avg=68.5664
Memuse(MB) at After do interp, min=68.5664, max=68.5664, avg=68.5664
Memuse(MB) at After do interp, min=68.5664, max=68.5664, avg=68.5664
Memuse(MB) at After do interp, min=68.5664, max=68.5664, avg=68.5664
Memuse(MB) at After do interp, min=68.5664, max=68.5664, avg=68.5664
Memuse(MB) at After do interp, min=68.5664, max=68.5664, avg=68.5664
Memuse(MB) at After do interp, min=68.5664, max=68.5664, avg=68.5664
Memuse(MB) at After do interp, min=68.5664, max=68.5664, avg=68.5664
Memuse(MB) at After do interp, min=68.5664, max=68.5664, avg=68.5664
Memuse(MB) at After do interp, min=68.5664, max=68.5664, avg=68.5664
Memuse(MB) at After do interp, min=68.5664, max=68.5664, avg=68.5664
Memuse(MB) at After do interp, min=68.5664, max=68.5664, avg=68.5664
Memuse(MB) at After do interp, min=68.5664, max=68.5664, avg=68.5664
Memuse(MB) at After do interp, min=68.5664, max=68.5664, avg=68.5664
Memuse(MB) at After do interp, min=68.5664, max=68.5664, avg=68.5664
Memuse(MB) at After do interp, min=68.5664, max=68.5664, avg=68.5664
Memuse(MB) at After do interp, min=68.5664, max=68.5664, avg=68.5664
Memuse(MB) at After do interp, min=68.5664, max=68.5664, avg=68.5664
Memuse(MB) at After do interp, min=68.5664, max=68.5664, avg=68.5664
Memuse(MB) at After do interp, min=68.5664, max=68.5664, avg=68.5664
Memuse(MB) at After do interp, min=68.5664, max=68.5664, avg=68.5664
Memuse(MB) at After do interp, min=68.5664, max=68.5664, avg=68.5664
Memuse(MB) at After do interp, min=68.5664, max=68.5664, avg=68.5664
Memuse(MB) at After do interp, min=68.5664, max=68.5664, avg=68.5664
Memuse(MB) at After do interp, min=68.5664, max=68.5664, avg=68.5664
Memuse(MB) at After do interp, min=68.5664, max=68.5664, avg=68.5664
Memuse(MB) at After do interp, min=68.5664, max=68.5664, avg=68.5664
Memuse(MB) at After do interp, min=68.5664, max=68.5664, avg=68.5664
Memuse(MB) at After do interp, min=68.5664, max=68.5664, avg=68.5664
Memuse(MB) at After do interp, min=68.5664, max=68.5664, avg=68.5664
Memuse(MB) at After do interp, min=68.5664, max=68.5664, avg=68.5664
Memuse(MB) at After do interp, min=68.5664, max=68.5664, avg=68.5664
Memuse(MB) at After do interp, min=68.5664, max=68.5664, avg=68.5664
Memuse(MB) at After do interp, min=68.5664, max=68.5664, avg=68.5664
Memuse(MB) at After do interp, min=68.5664, max=68.5664, avg=68.5664
Memuse(MB) at After do interp, min=68.5664, max=68.5664, avg=68.5664
Memuse(MB) at After do interp, min=68.5664, max=68.5664, avg=68.5664
Memuse(MB) at After do interp, min=68.5664, max=68.5664, avg=68.5664
Memuse(MB) at After do interp, min=68.5664, max=68.5664, avg=68.5664
Memuse(MB) at After do interp, min=68.5664, max=68.5664, avg=68.5664
Memuse(MB) at After do interp, min=68.5664, max=68.5664, avg=68.5664
Memuse(MB) at After do interp, min=68.5664, max=68.5664, avg=68.5664
Memuse(MB) at After do interp, min=68.5664, max=68.5664, avg=68.5664
Memuse(MB) at After do interp, min=68.5664, max=68.5664, avg=68.5664
Memuse(MB) at After do interp, min=68.5664, max=68.5664, avg=68.5664
Memuse(MB) at After do interp, min=68.5664, max=68.5664, avg=68.5664
Memuse(MB) at After do interp, min=68.5664, max=68.5664, avg=68.5664
Memuse(MB) at After do interp, min=68.5664, max=68.5664, avg=68.5664
Memuse(MB) at After do interp, min=68.5664, max=68.5664, avg=68.5664
Memuse(MB) at After do interp, min=68.5664, max=68.5664, avg=68.5664
Memuse(MB) at After do interp, min=68.5664, max=68.5664, avg=68.5664
Memuse(MB) at After do interp, min=68.5664, max=68.5664, avg=68.5664
Memuse(MB) at After do interp, min=68.5664, max=68.5664, avg=68.5664
Memuse(MB) at After do interp, min=68.5664, max=68.5664, avg=68.5664
Memuse(MB) at After do interp, min=68.5664, max=68.5664, avg=68.5664
Memuse(MB) at After do interp, min=68.5664, max=68.5664, avg=68.5664
Memuse(MB) at After do interp, min=68.5664, max=68.5664, avg=68.5664
Memuse(MB) at After do interp, min=68.5664, max=68.5664, avg=68.5664
Memuse(MB) at After do interp, min=68.5664, max=68.5664, avg=68.5664
Memuse(MB) at After do interp, min=68.5664, max=68.5664, avg=68.5664
Memuse(MB) at After do interp, min=68.5664, max=68.5664, avg=68.5664
Memuse(MB) at After do interp, min=68.5664, max=68.5664, avg=68.5664
Memuse(MB) at After do interp, min=68.5664, max=68.5664, avg=68.5664
Memuse(MB) at After do interp, min=68.5664, max=68.5664, avg=68.5664
Memuse(MB) at After do interp, min=68.5664, max=68.5664, avg=68.5664
Memuse(MB) at After do interp, min=68.5664, max=68.5664, avg=68.5664
Memuse(MB) at After do interp, min=68.5664, max=68.5664, avg=68.5664
Memuse(MB) at After do interp, min=68.5664, max=68.5664, avg=68.5664
Memuse(MB) at After do interp, min=68.5664, max=68.5664, avg=68.5664
Memuse(MB) at After do interp, min=68.5664, max=68.5664, avg=68.5664
Memuse(MB) at After do interp, min=68.5664, max=68.5664, avg=68.5664
Memuse(MB) at After do interp, min=68.5664, max=68.5664, avg=68.5664
Memuse(MB) at After do interp, min=68.5664, max=68.5664, avg=68.5664
Memuse(MB) at After do interp, min=68.5664, max=68.5664, avg=68.5664
Memuse(MB) at After do interp, min=68.5664, max=68.5664, avg=68.5664
Memuse(MB) at After do interp, min=68.5664, max=68.5664, avg=68.5664
Memuse(MB) at After do interp, min=68.5664, max=68.5664, avg=68.5664
Memuse(MB) at After do interp, min=68.5664, max=68.5664, avg=68.5664
Memuse(MB) at After do interp, min=68.5664, max=68.5664, avg=68.5664
Memuse(MB) at After do interp, min=68.5664, max=68.5664, avg=68.5664
Memuse(MB) at After do interp, min=68.5664, max=68.5664, avg=68.5664
Memuse(MB) at After do interp, min=68.5664, max=68.5664, avg=68.5664
Memuse(MB) at After do interp, min=68.5664, max=68.5664, avg=68.5664
Memuse(MB) at After do interp, min=68.5664, max=68.5664, avg=68.5664
Memuse(MB) at After do interp, min=68.5664, max=68.5664, avg=68.5664
Memuse(MB) at After do interp, min=68.5664, max=68.5664, avg=68.5664
Memuse(MB) at After do interp, min=68.5664, max=68.5664, avg=68.5664
Memuse(MB) at After do interp, min=68.5664, max=68.5664, avg=68.5664
Memuse(MB) at After do interp, min=68.5664, max=68.5664, avg=68.5664
Memuse(MB) at After do interp, min=68.5664, max=68.5664, avg=68.5664
Memuse(MB) at After do interp, min=68.5664, max=68.5664, avg=68.5664
Memuse(MB) at After do interp, min=68.5664, max=68.5664, avg=68.5664
Memuse(MB) at After do interp, min=68.5664, max=68.5664, avg=68.5664
Memuse(MB) at After do interp, min=68.5664, max=68.5664, avg=68.5664
Memuse(MB) at After do interp, min=68.5664, max=68.5664, avg=68.5664
Memuse(MB) at After do interp, min=68.5664, max=68.5664, avg=68.5664
Memuse(MB) at After do interp, min=68.5664, max=68.5664, avg=68.5664
Memuse(MB) at After do interp, min=68.5664, max=68.5664, avg=68.5664
Memuse(MB) at After do interp, min=68.5664, max=68.5664, avg=68.5664
Memuse(MB) at After do interp, min=68.5664, max=68.5664, avg=68.5664
Memuse(MB) at After do interp, min=68.5664, max=68.5664, avg=68.5664
Memuse(MB) at After do interp, min=68.5664, max=68.5664, avg=68.5664
Memuse(MB) at After do interp, min=68.5664, max=68.5664, avg=68.5664
Memuse(MB) at After do interp, min=68.5664, max=68.5664, avg=68.5664
Memuse(MB) at After do interp, min=68.5664, max=68.5664, avg=68.5664
Memuse(MB) at After do interp, min=68.5664, max=68.5664, avg=68.5664
Memuse(MB) at After do interp, min=68.5664, max=68.5664, avg=68.5664
Memuse(MB) at After do interp, min=68.5664, max=68.5664, avg=68.5664
Memuse(MB) at After do interp, min=68.5664, max=68.5664, avg=68.5664
Memuse(MB) at After do interp, min=68.5664, max=68.5664, avg=68.5664
Memuse(MB) at After do interp, min=68.5664, max=68.5664, avg=68.5664
Memuse(MB) at After do interp, min=68.5664, max=68.5664, avg=68.5664
Memuse(MB) at After do interp, min=68.5664, max=68.5664, avg=68.5664
Memuse(MB) at After do interp, min=68.5664, max=68.5664, avg=68.5664
Memuse(MB) at After do interp, min=68.5664, max=68.5664, avg=68.5664
Memuse(MB) at After do interp, min=68.5664, max=68.5664, avg=68.5664
Memuse(MB) at After do interp, min=68.5664, max=68.5664, avg=68.5664
Memuse(MB) at After do interp, min=68.5664, max=68.5664, avg=68.5664
Memuse(MB) at After do interp, min=68.5664, max=68.5664, avg=68.5664
Memuse(MB) at After do interp, min=68.5664, max=68.5664, avg=68.5664
Memuse(MB) at After do interp, min=68.5664, max=68.5664, avg=68.5664
Memuse(MB) at After do interp, min=68.5664, max=68.5664, avg=68.5664
Memuse(MB) at After do interp, min=68.5664, max=68.5664, avg=68.5664
Memuse(MB) at After do interp, min=68.5664, max=68.5664, avg=68.5664
Memuse(MB) at After do interp, min=68.5664, max=68.5664, avg=68.5664
Memuse(MB) at After do interp, min=68.5664, max=68.5664, avg=68.5664
Memuse(MB) at After do interp, min=68.5664, max=68.5664, avg=68.5664
Memuse(MB) at After do interp, min=68.5664, max=68.5664, avg=68.5664
Memuse(MB) at After do interp, min=68.5664, max=68.5664, avg=68.5664
Memuse(MB) at After do interp, min=68.5664, max=68.5664, avg=68.5664
Memuse(MB) at After do interp, min=68.5664, max=68.5664, avg=68.5664
Memuse(MB) at After do interp, min=68.5664, max=68.5664, avg=68.5664
Memuse(MB) at After do interp, min=68.5664, max=68.5664, avg=68.5664
Memuse(MB) at After do interp, min=68.5664, max=68.5664, avg=68.5664
Memuse(MB) at After do interp, min=68.5664, max=68.5664, avg=68.5664
Memuse(MB) at After do interp, min=68.5664, max=68.5664, avg=68.5664
Memuse(MB) at After do interp, min=68.5664, max=68.5664, avg=68.5664
Memuse(MB) at After do interp, min=68.5664, max=68.5664, avg=68.5664
Memuse(MB) at After do interp, min=68.5664, max=68.5664, avg=68.5664
Memuse(MB) at After do interp, min=68.5664, max=68.5664, avg=68.5664
Memuse(MB) at After do interp, min=68.5664, max=68.5664, avg=68.5664
Memuse(MB) at After do interp, min=68.5664, max=68.5664, avg=68.5664
Memuse(MB) at After do interp, min=68.5664, max=68.5664, avg=68.5664
Memuse(MB) at After do interp, min=68.5664, max=68.5664, avg=68.5664
Memuse(MB) at After do interp, min=68.5664, max=68.5664, avg=68.5664
Memuse(MB) at After do interp, min=68.5664, max=68.5664, avg=68.5664
Memuse(MB) at After do interp, min=68.5664, max=68.5664, avg=68.5664
Memuse(MB) at After do interp, min=68.5664, max=68.5664, avg=68.5664
Memuse(MB) at After do interp, min=68.5664, max=68.5664, avg=68.5664
Memuse(MB) at After do interp, min=68.5664, max=68.5664, avg=68.5664
Memuse(MB) at After do interp, min=68.5664, max=68.5664, avg=68.5664
Memuse(MB) at After do interp, min=68.5664, max=68.5664, avg=68.5664
Memuse(MB) at After do interp, min=68.5664, max=68.5664, avg=68.5664
Memuse(MB) at After do interp, min=68.5664, max=68.5664, avg=68.5664
Memuse(MB) at After do interp, min=68.5664, max=68.5664, avg=68.5664
Memuse(MB) at After do interp, min=68.5664, max=68.5664, avg=68.5664
Memuse(MB) at After do interp, min=68.5664, max=68.5664, avg=68.5664
Memuse(MB) at After do interp, min=68.5664, max=68.5664, avg=68.5664
Memuse(MB) at After do interp, min=68.5664, max=68.5664, avg=68.5664
Memuse(MB) at After do interp, min=68.5664, max=68.5664, avg=68.5664
Memuse(MB) at After do interp, min=68.5664, max=68.5664, avg=68.5664
Memuse(MB) at After do interp, min=68.5664, max=68.5664, avg=68.5664
Memuse(MB) at After do interp, min=68.5664, max=68.5664, avg=68.5664
Memuse(MB) at After do interp, min=68.5664, max=68.5664, avg=68.5664
Memuse(MB) at After do interp, min=68.5664, max=68.5664, avg=68.5664
Memuse(MB) at After do interp, min=68.5664, max=68.5664, avg=68.5664
Memuse(MB) at After do interp, min=68.5664, max=68.5664, avg=68.5664
Memuse(MB) at After do interp, min=68.5664, max=68.5664, avg=68.5664
Memuse(MB) at After do interp, min=68.5664, max=68.5664, avg=68.5664
Memuse(MB) at After do interp, min=68.5664, max=68.5664, avg=68.5664
Memuse(MB) at After do interp, min=68.5664, max=68.5664, avg=68.5664
Memuse(MB) at After do interp, min=68.5664, max=68.5664, avg=68.5664
Memuse(MB) at After do interp, min=68.5664, max=68.5664, avg=68.5664
Memuse(MB) at After do interp, min=68.5664, max=68.5664, avg=68.5664
Memuse(MB) at After do interp, min=68.5664, max=68.5664, avg=68.5664
Memuse(MB) at After do interp, min=68.5664, max=68.5664, avg=68.5664
Memuse(MB) at After do interp, min=68.5664, max=68.5664, avg=68.5664
Memuse(MB) at After do interp, min=68.5664, max=68.5664, avg=68.5664
Memuse(MB) at After do interp, min=68.6094, max=68.6094, avg=68.6094
Memuse(MB) at After do interp, min=68.6094, max=68.6094, avg=68.6094
Memuse(MB) at After do interp, min=68.6094, max=68.6094, avg=68.6094
Memuse(MB) at After do interp, min=68.6094, max=68.6094, avg=68.6094
Memuse(MB) at After do interp, min=68.6289, max=68.6289, avg=68.6289
Memuse(MB) at After do interp, min=68.6289, max=68.6289, avg=68.6289
Memuse(MB) at After do interp, min=68.6797, max=68.6797, avg=68.6797
Memuse(MB) at After do interp, min=68.6797, max=68.6797, avg=68.6797
Memuse(MB) at After do interp, min=68.6797, max=68.6797, avg=68.6797
Memuse(MB) at After do interp, min=68.6797, max=68.6797, avg=68.6797
Memuse(MB) at After do interp, min=68.7266, max=68.7266, avg=68.7266
Memuse(MB) at After do interp, min=68.7773, max=68.7773, avg=68.7773
Memuse(MB) at After do interp, min=68.7773, max=68.7773, avg=68.7773
Memuse(MB) at After do interp, min=68.7773, max=68.7773, avg=68.7773
Memuse(MB) at After do interp, min=68.7773, max=68.7773, avg=68.7773
Memuse(MB) at After do interp, min=68.7773, max=68.7773, avg=68.7773
Memuse(MB) at After do interp, min=68.7773, max=68.7773, avg=68.7773
Memuse(MB) at After do interp, min=68.7773, max=68.7773, avg=68.7773
Memuse(MB) at After do interp, min=68.7969, max=68.7969, avg=68.7969
Memuse(MB) at After do interp, min=68.7969, max=68.7969, avg=68.7969
Memuse(MB) at After do interp, min=68.8477, max=68.8477, avg=68.8477
Memuse(MB) at After do interp, min=68.8477, max=68.8477, avg=68.8477
Memuse(MB) at After do interp, min=68.8477, max=68.8477, avg=68.8477
Memuse(MB) at After do interp, min=68.8477, max=68.8477, avg=68.8477
Memuse(MB) at After do interp, min=68.8984, max=68.8984, avg=68.8984
Memuse(MB) at After do interp, min=68.9453, max=68.9453, avg=68.9453
Memuse(MB) at After do interp, min=68.9453, max=68.9453, avg=68.9453
Memuse(MB) at After do interp, min=68.9453, max=68.9453, avg=68.9453
Memuse(MB) at After do interp, min=68.9453, max=68.9453, avg=68.9453
Memuse(MB) at After do interp, min=68.9453, max=68.9453, avg=68.9453
Memuse(MB) at After do interp, min=68.9453, max=68.9453, avg=68.9453
Memuse(MB) at After do interp, min=68.9453, max=68.9453, avg=68.9453
Memuse(MB) at After do interp, min=68.9688, max=68.9688, avg=68.9688
Memuse(MB) at After do interp, min=68.9688, max=68.9688, avg=68.9688
Memuse(MB) at After do interp, min=69.0156, max=69.0156, avg=69.0156
Memuse(MB) at After do interp, min=69.0156, max=69.0156, avg=69.0156
Memuse(MB) at After do interp, min=69.0156, max=69.0156, avg=69.0156
Memuse(MB) at After do interp, min=69.0156, max=69.0156, avg=69.0156
Memuse(MB) at After do interp, min=69.0664, max=69.0664, avg=69.0664
Memuse(MB) at After do interp, min=69.1172, max=69.1172, avg=69.1172
Memuse(MB) at After do interp, min=69.1172, max=69.1172, avg=69.1172
Memuse(MB) at After do interp, min=69.1172, max=69.1172, avg=69.1172
Memuse(MB) at After do interp, min=69.1172, max=69.1172, avg=69.1172
Memuse(MB) at After do interp, min=69.1172, max=69.1172, avg=69.1172
Memuse(MB) at After do interp, min=69.1172, max=69.1172, avg=69.1172
Memuse(MB) at After do interp, min=69.1172, max=69.1172, avg=69.1172
Memuse(MB) at After do interp, min=69.1367, max=69.1367, avg=69.1367
Memuse(MB) at After do interp, min=69.1367, max=69.1367, avg=69.1367
Memuse(MB) at After do interp, min=69.1875, max=69.1875, avg=69.1875
Memuse(MB) at After do interp, min=69.1875, max=69.1875, avg=69.1875
Memuse(MB) at After do interp, min=69.1875, max=69.1875, avg=69.1875
Memuse(MB) at After do interp, min=69.1875, max=69.1875, avg=69.1875
Memuse(MB) at After do interp, min=69.2344, max=69.2344, avg=69.2344
Memuse(MB) at After do interp, min=69.2852, max=69.2852, avg=69.2852
Memuse(MB) at After do interp, min=69.2852, max=69.2852, avg=69.2852
Memuse(MB) at After do interp, min=69.2852, max=69.2852, avg=69.2852
Memuse(MB) at After do interp, min=69.2852, max=69.2852, avg=69.2852
Memuse(MB) at After do interp, min=69.2852, max=69.2852, avg=69.2852
Memuse(MB) at After do interp, min=69.2852, max=69.2852, avg=69.2852
Memuse(MB) at After do interp, min=69.2852, max=69.2852, avg=69.2852
Memuse(MB) at After do interp, min=69.3047, max=69.3047, avg=69.3047
Memuse(MB) at After do interp, min=69.3047, max=69.3047, avg=69.3047
Memuse(MB) at After do interp, min=69.3555, max=69.3555, avg=69.3555
Memuse(MB) at After do interp, min=69.3555, max=69.3555, avg=69.3555
Memuse(MB) at After do interp, min=69.3555, max=69.3555, avg=69.3555
Memuse(MB) at After do interp, min=69.3555, max=69.3555, avg=69.3555
Memuse(MB) at After do interp, min=69.4062, max=69.4062, avg=69.4062
Memuse(MB) at After do interp, min=69.4531, max=69.4531, avg=69.4531
Memuse(MB) at After do interp, min=69.4531, max=69.4531, avg=69.4531
Memuse(MB) at After do interp, min=69.4531, max=69.4531, avg=69.4531
Memuse(MB) at After do interp, min=69.4531, max=69.4531, avg=69.4531
Memuse(MB) at After do interp, min=69.4531, max=69.4531, avg=69.4531
Memuse(MB) at After do interp, min=69.4531, max=69.4531, avg=69.4531
Memuse(MB) at After do interp, min=69.4531, max=69.4531, avg=69.4531
Memuse(MB) at After do interp, min=69.4766, max=69.4766, avg=69.4766
Memuse(MB) at After do interp, min=69.4766, max=69.4766, avg=69.4766
Memuse(MB) at After do interp, min=69.5234, max=69.5234, avg=69.5234
Memuse(MB) at After do interp, min=69.5234, max=69.5234, avg=69.5234
Memuse(MB) at After do interp, min=69.5234, max=69.5234, avg=69.5234
Memuse(MB) at After do interp, min=69.5234, max=69.5234, avg=69.5234
Memuse(MB) at After do interp, min=69.5742, max=69.5742, avg=69.5742
Memuse(MB) at After do interp, min=69.625, max=69.625, avg=69.625
Memuse(MB) at After do interp, min=69.625, max=69.625, avg=69.625
Memuse(MB) at After do interp, min=69.625, max=69.625, avg=69.625
Memuse(MB) at After do interp, min=69.625, max=69.625, avg=69.625
Memuse(MB) at After do interp, min=69.625, max=69.625, avg=69.625
Memuse(MB) at After do interp, min=69.625, max=69.625, avg=69.625
Memuse(MB) at After do interp, min=69.625, max=69.625, avg=69.625
Memuse(MB) at After do interp, min=69.6445, max=69.6445, avg=69.6445
Memuse(MB) at After do interp, min=69.6953, max=69.6953, avg=69.6953
Memuse(MB) at After do interp, min=69.6953, max=69.6953, avg=69.6953
Memuse(MB) at After do interp, min=69.6953, max=69.6953, avg=69.6953
Memuse(MB) at After do interp, min=69.6953, max=69.6953, avg=69.6953
Memuse(MB) at After do interp, min=69.6953, max=69.6953, avg=69.6953
Memuse(MB) at After do interp, min=69.7422, max=69.7422, avg=69.7422
Memuse(MB) at After do interp, min=69.793, max=69.793, avg=69.793
Memuse(MB) at After do interp, min=69.793, max=69.793, avg=69.793
Memuse(MB) at After do interp, min=69.793, max=69.793, avg=69.793
Memuse(MB) at After do interp, min=69.793, max=69.793, avg=69.793
Memuse(MB) at After do interp, min=69.793, max=69.793, avg=69.793
Memuse(MB) at After do interp, min=69.793, max=69.793, avg=69.793
Memuse(MB) at After do interp, min=69.793, max=69.793, avg=69.793
Memuse(MB) at After do interp, min=69.8086, max=69.8086, avg=69.8086
Memuse(MB) at After do interp, min=69.8594, max=69.8594, avg=69.8594
Memuse(MB) at After do interp, min=69.8594, max=69.8594, avg=69.8594
Memuse(MB) at After do interp, min=69.8594, max=69.8594, avg=69.8594
Memuse(MB) at After do interp, min=69.8594, max=69.8594, avg=69.8594
Memuse(MB) at After do interp, min=69.8594, max=69.8594, avg=69.8594
Memuse(MB) at After do interp, min=69.9102, max=69.9102, avg=69.9102
Memuse(MB) at After do interp, min=69.957, max=69.957, avg=69.957
Memuse(MB) at After do interp, min=69.957, max=69.957, avg=69.957
Memuse(MB) at After do interp, min=69.957, max=69.957, avg=69.957
Memuse(MB) at After do interp, min=69.957, max=69.957, avg=69.957
Memuse(MB) at After do interp, min=69.957, max=69.957, avg=69.957
Memuse(MB) at After do interp, min=69.957, max=69.957, avg=69.957
Memuse(MB) at After do interp, min=69.957, max=69.957, avg=69.957
Memuse(MB) at After do interp, min=69.9805, max=69.9805, avg=69.9805
Memuse(MB) at After do interp, min=70.0273, max=70.0273, avg=70.0273
Memuse(MB) at After do interp, min=70.0273, max=70.0273, avg=70.0273
Memuse(MB) at After do interp, min=70.0273, max=70.0273, avg=70.0273
Memuse(MB) at After do interp, min=70.0273, max=70.0273, avg=70.0273
Memuse(MB) at After do interp, min=70.0273, max=70.0273, avg=70.0273
Memuse(MB) at After do interp, min=70.0781, max=70.0781, avg=70.0781
Memuse(MB) at After do interp, min=70.1289, max=70.1289, avg=70.1289
Memuse(MB) at After do interp, min=70.1289, max=70.1289, avg=70.1289
Memuse(MB) at After do interp, min=70.1289, max=70.1289, avg=70.1289
Memuse(MB) at After do interp, min=70.1289, max=70.1289, avg=70.1289
Memuse(MB) at After do interp, min=70.1289, max=70.1289, avg=70.1289
Memuse(MB) at After do interp, min=70.1289, max=70.1289, avg=70.1289
Memuse(MB) at After do interp, min=70.1289, max=70.1289, avg=70.1289
Memuse(MB) at After do interp, min=70.1484, max=70.1484, avg=70.1484
Memuse(MB) at After do interp, min=70.1992, max=70.1992, avg=70.1992
Memuse(MB) at After do interp, min=70.1992, max=70.1992, avg=70.1992
Memuse(MB) at After do interp, min=70.1992, max=70.1992, avg=70.1992
Memuse(MB) at After do interp, min=70.1992, max=70.1992, avg=70.1992
Running time for get_input, min=63.01, max=63.01, avg=63.01
Running time for do_interp, min=18.98, max=18.98, avg=18.98
Running time for write_data, min=4.25, max=4.25, avg=4.25
Successfully running fregrid and the following output file are generated.
****dailyUT.nc
finished regridding 20
finished moving
