starting work on 1
Cloning into 'FREgrid'...
‘./FREgrid/C96_grid.tile1.nc’ -> ‘./C96_grid.tile1.nc’
‘./FREgrid/C96_grid.tile2.nc’ -> ‘./C96_grid.tile2.nc’
‘./FREgrid/C96_grid.tile3.nc’ -> ‘./C96_grid.tile3.nc’
‘./FREgrid/C96_grid.tile4.nc’ -> ‘./C96_grid.tile4.nc’
‘./FREgrid/C96_grid.tile5.nc’ -> ‘./C96_grid.tile5.nc’
‘./FREgrid/C96_grid.tile6.nc’ -> ‘./C96_grid.tile6.nc’
‘./FREgrid/C96_mosaic.nc’ -> ‘./C96_mosaic.nc’
‘./FREgrid/GridRunner’ -> ‘./GridRunner’
‘./FREgrid/grid_spec.nc’ -> ‘./grid_spec.nc’
‘./FREgrid/mborrus@login.sherlock.stanford.edu’ -> ‘./mborrus@login.sherlock.stanford.edu’
‘./FREgrid/README.md’ -> ‘./README.md’
****fregrid: first order conservative scheme will be used for regridding.
Memuse(MB) at Before calling get_input_grid, min=5.89844, max=5.89844, avg=5.89844
Memuse(MB) at After calling get_input_grid, min=9.91406, max=9.91406, avg=9.91406
Memuse(MB) at After calling get_output_grid, min=9.91406, max=9.91406, avg=9.91406
Memuse(MB) at After get_input_output_cell_area, min=9.9375, max=9.9375, avg=9.9375
Input: filename=19790101.atmos_daily.tile1.nc, nvar=10, format=2
Not compressing because input file is NetCDF3
Memuse(MB) at After set_output_metadata, min=36.4258, max=36.4258, avg=36.4258
NOTE: done calculating index and weight for conservative interpolation
Memuse(MB) at After setup interp, min=45.1016, max=45.1016, avg=45.1016
Running time for get_input_grid, min=0.06, max=0.06, avg=0.06
Running time for get_output_grid, min=0, max=0, avg=0
Running time for setup_interp, min=0.78, max=0.78, avg=0.78
Memuse(MB) at After do interp, min=45.1016, max=45.1016, avg=45.1016
Memuse(MB) at After do interp, min=45.1016, max=45.1016, avg=45.1016
Memuse(MB) at After do interp, min=68.5664, max=68.5664, avg=68.5664
Memuse(MB) at After do interp, min=68.5938, max=68.5938, avg=68.5938
Memuse(MB) at After do interp, min=68.5938, max=68.5938, avg=68.5938
Memuse(MB) at After do interp, min=68.5938, max=68.5938, avg=68.5938
Memuse(MB) at After do interp, min=68.5938, max=68.5938, avg=68.5938
Memuse(MB) at After do interp, min=68.5938, max=68.5938, avg=68.5938
Memuse(MB) at After do interp, min=68.5938, max=68.5938, avg=68.5938
Memuse(MB) at After do interp, min=68.5938, max=68.5938, avg=68.5938
Memuse(MB) at After do interp, min=68.5938, max=68.5938, avg=68.5938
Memuse(MB) at After do interp, min=68.5938, max=68.5938, avg=68.5938
Memuse(MB) at After do interp, min=68.5938, max=68.5938, avg=68.5938
Memuse(MB) at After do interp, min=68.5938, max=68.5938, avg=68.5938
Memuse(MB) at After do interp, min=68.5938, max=68.5938, avg=68.5938
Memuse(MB) at After do interp, min=68.5938, max=68.5938, avg=68.5938
Memuse(MB) at After do interp, min=68.5938, max=68.5938, avg=68.5938
Memuse(MB) at After do interp, min=68.5938, max=68.5938, avg=68.5938
Memuse(MB) at After do interp, min=68.5938, max=68.5938, avg=68.5938
Memuse(MB) at After do interp, min=68.5938, max=68.5938, avg=68.5938
Memuse(MB) at After do interp, min=68.5938, max=68.5938, avg=68.5938
Memuse(MB) at After do interp, min=68.5938, max=68.5938, avg=68.5938
Memuse(MB) at After do interp, min=68.5938, max=68.5938, avg=68.5938
Memuse(MB) at After do interp, min=68.5938, max=68.5938, avg=68.5938
Memuse(MB) at After do interp, min=68.5938, max=68.5938, avg=68.5938
Memuse(MB) at After do interp, min=68.5938, max=68.5938, avg=68.5938
Memuse(MB) at After do interp, min=68.5938, max=68.5938, avg=68.5938
Memuse(MB) at After do interp, min=68.5938, max=68.5938, avg=68.5938
Memuse(MB) at After do interp, min=68.5938, max=68.5938, avg=68.5938
Memuse(MB) at After do interp, min=68.5938, max=68.5938, avg=68.5938
Memuse(MB) at After do interp, min=68.5938, max=68.5938, avg=68.5938
Memuse(MB) at After do interp, min=68.5938, max=68.5938, avg=68.5938
Memuse(MB) at After do interp, min=68.5938, max=68.5938, avg=68.5938
Memuse(MB) at After do interp, min=68.5938, max=68.5938, avg=68.5938
Memuse(MB) at After do interp, min=68.5938, max=68.5938, avg=68.5938
Memuse(MB) at After do interp, min=68.5938, max=68.5938, avg=68.5938
Memuse(MB) at After do interp, min=68.5938, max=68.5938, avg=68.5938
Memuse(MB) at After do interp, min=68.5938, max=68.5938, avg=68.5938
Memuse(MB) at After do interp, min=68.5938, max=68.5938, avg=68.5938
Memuse(MB) at After do interp, min=68.5938, max=68.5938, avg=68.5938
Memuse(MB) at After do interp, min=68.5938, max=68.5938, avg=68.5938
Memuse(MB) at After do interp, min=68.5938, max=68.5938, avg=68.5938
Memuse(MB) at After do interp, min=68.5938, max=68.5938, avg=68.5938
Memuse(MB) at After do interp, min=68.5938, max=68.5938, avg=68.5938
Memuse(MB) at After do interp, min=68.5938, max=68.5938, avg=68.5938
Memuse(MB) at After do interp, min=68.5938, max=68.5938, avg=68.5938
Memuse(MB) at After do interp, min=68.5938, max=68.5938, avg=68.5938
Memuse(MB) at After do interp, min=68.5938, max=68.5938, avg=68.5938
Memuse(MB) at After do interp, min=68.5977, max=68.5977, avg=68.5977
Memuse(MB) at After do interp, min=68.5977, max=68.5977, avg=68.5977
Memuse(MB) at After do interp, min=68.5977, max=68.5977, avg=68.5977
Memuse(MB) at After do interp, min=68.5977, max=68.5977, avg=68.5977
Memuse(MB) at After do interp, min=68.5977, max=68.5977, avg=68.5977
Memuse(MB) at After do interp, min=68.5977, max=68.5977, avg=68.5977
Memuse(MB) at After do interp, min=68.5977, max=68.5977, avg=68.5977
Memuse(MB) at After do interp, min=68.5977, max=68.5977, avg=68.5977
Memuse(MB) at After do interp, min=68.5977, max=68.5977, avg=68.5977
Memuse(MB) at After do interp, min=68.5977, max=68.5977, avg=68.5977
Memuse(MB) at After do interp, min=68.5977, max=68.5977, avg=68.5977
Memuse(MB) at After do interp, min=68.5977, max=68.5977, avg=68.5977
Memuse(MB) at After do interp, min=68.5977, max=68.5977, avg=68.5977
Memuse(MB) at After do interp, min=68.5977, max=68.5977, avg=68.5977
Memuse(MB) at After do interp, min=68.5977, max=68.5977, avg=68.5977
Memuse(MB) at After do interp, min=68.5977, max=68.5977, avg=68.5977
Memuse(MB) at After do interp, min=68.5977, max=68.5977, avg=68.5977
Memuse(MB) at After do interp, min=68.5977, max=68.5977, avg=68.5977
Memuse(MB) at After do interp, min=68.5977, max=68.5977, avg=68.5977
Memuse(MB) at After do interp, min=68.5977, max=68.5977, avg=68.5977
Memuse(MB) at After do interp, min=68.5977, max=68.5977, avg=68.5977
Memuse(MB) at After do interp, min=68.5977, max=68.5977, avg=68.5977
Memuse(MB) at After do interp, min=68.5977, max=68.5977, avg=68.5977
Memuse(MB) at After do interp, min=68.5977, max=68.5977, avg=68.5977
Memuse(MB) at After do interp, min=68.5977, max=68.5977, avg=68.5977
Memuse(MB) at After do interp, min=68.5977, max=68.5977, avg=68.5977
Memuse(MB) at After do interp, min=68.5977, max=68.5977, avg=68.5977
Memuse(MB) at After do interp, min=68.5977, max=68.5977, avg=68.5977
Memuse(MB) at After do interp, min=68.5977, max=68.5977, avg=68.5977
Memuse(MB) at After do interp, min=68.5977, max=68.5977, avg=68.5977
Memuse(MB) at After do interp, min=68.5977, max=68.5977, avg=68.5977
Memuse(MB) at After do interp, min=68.5977, max=68.5977, avg=68.5977
Memuse(MB) at After do interp, min=68.5977, max=68.5977, avg=68.5977
Memuse(MB) at After do interp, min=68.5977, max=68.5977, avg=68.5977
Memuse(MB) at After do interp, min=68.5977, max=68.5977, avg=68.5977
Memuse(MB) at After do interp, min=68.5977, max=68.5977, avg=68.5977
Memuse(MB) at After do interp, min=68.5977, max=68.5977, avg=68.5977
Memuse(MB) at After do interp, min=68.5977, max=68.5977, avg=68.5977
Memuse(MB) at After do interp, min=68.5977, max=68.5977, avg=68.5977
Memuse(MB) at After do interp, min=68.5977, max=68.5977, avg=68.5977
Memuse(MB) at After do interp, min=68.5977, max=68.5977, avg=68.5977
Memuse(MB) at After do interp, min=68.5977, max=68.5977, avg=68.5977
Memuse(MB) at After do interp, min=68.5977, max=68.5977, avg=68.5977
Memuse(MB) at After do interp, min=68.5977, max=68.5977, avg=68.5977
Memuse(MB) at After do interp, min=68.5977, max=68.5977, avg=68.5977
Memuse(MB) at After do interp, min=68.5977, max=68.5977, avg=68.5977
Memuse(MB) at After do interp, min=68.5977, max=68.5977, avg=68.5977
Memuse(MB) at After do interp, min=68.5977, max=68.5977, avg=68.5977
Memuse(MB) at After do interp, min=68.5977, max=68.5977, avg=68.5977
Memuse(MB) at After do interp, min=68.5977, max=68.5977, avg=68.5977
Memuse(MB) at After do interp, min=68.5977, max=68.5977, avg=68.5977
Memuse(MB) at After do interp, min=68.5977, max=68.5977, avg=68.5977
Memuse(MB) at After do interp, min=68.5977, max=68.5977, avg=68.5977
Memuse(MB) at After do interp, min=68.5977, max=68.5977, avg=68.5977
Memuse(MB) at After do interp, min=68.5977, max=68.5977, avg=68.5977
Memuse(MB) at After do interp, min=68.5977, max=68.5977, avg=68.5977
Memuse(MB) at After do interp, min=68.5977, max=68.5977, avg=68.5977
Memuse(MB) at After do interp, min=68.5977, max=68.5977, avg=68.5977
Memuse(MB) at After do interp, min=68.5977, max=68.5977, avg=68.5977
Memuse(MB) at After do interp, min=68.5977, max=68.5977, avg=68.5977
Memuse(MB) at After do interp, min=68.5977, max=68.5977, avg=68.5977
Memuse(MB) at After do interp, min=68.5977, max=68.5977, avg=68.5977
Memuse(MB) at After do interp, min=68.5977, max=68.5977, avg=68.5977
Memuse(MB) at After do interp, min=68.5977, max=68.5977, avg=68.5977
Memuse(MB) at After do interp, min=68.5977, max=68.5977, avg=68.5977
Memuse(MB) at After do interp, min=68.5977, max=68.5977, avg=68.5977
Memuse(MB) at After do interp, min=68.5977, max=68.5977, avg=68.5977
Memuse(MB) at After do interp, min=68.5977, max=68.5977, avg=68.5977
Memuse(MB) at After do interp, min=68.5977, max=68.5977, avg=68.5977
Memuse(MB) at After do interp, min=68.5977, max=68.5977, avg=68.5977
Memuse(MB) at After do interp, min=68.5977, max=68.5977, avg=68.5977
Memuse(MB) at After do interp, min=68.5977, max=68.5977, avg=68.5977
Memuse(MB) at After do interp, min=68.5977, max=68.5977, avg=68.5977
Memuse(MB) at After do interp, min=68.5977, max=68.5977, avg=68.5977
Memuse(MB) at After do interp, min=68.5977, max=68.5977, avg=68.5977
Memuse(MB) at After do interp, min=68.5977, max=68.5977, avg=68.5977
Memuse(MB) at After do interp, min=68.5977, max=68.5977, avg=68.5977
Memuse(MB) at After do interp, min=68.5977, max=68.5977, avg=68.5977
Memuse(MB) at After do interp, min=68.5977, max=68.5977, avg=68.5977
Memuse(MB) at After do interp, min=68.5977, max=68.5977, avg=68.5977
Memuse(MB) at After do interp, min=68.5977, max=68.5977, avg=68.5977
Memuse(MB) at After do interp, min=68.5977, max=68.5977, avg=68.5977
Memuse(MB) at After do interp, min=68.5977, max=68.5977, avg=68.5977
Memuse(MB) at After do interp, min=68.5977, max=68.5977, avg=68.5977
Memuse(MB) at After do interp, min=68.5977, max=68.5977, avg=68.5977
Memuse(MB) at After do interp, min=68.5977, max=68.5977, avg=68.5977
Memuse(MB) at After do interp, min=68.5977, max=68.5977, avg=68.5977
Memuse(MB) at After do interp, min=68.5977, max=68.5977, avg=68.5977
Memuse(MB) at After do interp, min=68.5977, max=68.5977, avg=68.5977
Memuse(MB) at After do interp, min=68.5977, max=68.5977, avg=68.5977
Memuse(MB) at After do interp, min=68.5977, max=68.5977, avg=68.5977
Memuse(MB) at After do interp, min=68.5977, max=68.5977, avg=68.5977
Memuse(MB) at After do interp, min=68.5977, max=68.5977, avg=68.5977
Memuse(MB) at After do interp, min=68.5977, max=68.5977, avg=68.5977
Memuse(MB) at After do interp, min=68.5977, max=68.5977, avg=68.5977
Memuse(MB) at After do interp, min=68.5977, max=68.5977, avg=68.5977
Memuse(MB) at After do interp, min=68.5977, max=68.5977, avg=68.5977
Memuse(MB) at After do interp, min=68.5977, max=68.5977, avg=68.5977
Memuse(MB) at After do interp, min=68.5977, max=68.5977, avg=68.5977
Memuse(MB) at After do interp, min=68.5977, max=68.5977, avg=68.5977
Memuse(MB) at After do interp, min=68.5977, max=68.5977, avg=68.5977
Memuse(MB) at After do interp, min=68.5977, max=68.5977, avg=68.5977
Memuse(MB) at After do interp, min=68.5977, max=68.5977, avg=68.5977
Memuse(MB) at After do interp, min=68.5977, max=68.5977, avg=68.5977
Memuse(MB) at After do interp, min=68.5977, max=68.5977, avg=68.5977
Memuse(MB) at After do interp, min=68.5977, max=68.5977, avg=68.5977
Memuse(MB) at After do interp, min=68.5977, max=68.5977, avg=68.5977
Memuse(MB) at After do interp, min=68.5977, max=68.5977, avg=68.5977
Memuse(MB) at After do interp, min=68.5977, max=68.5977, avg=68.5977
Memuse(MB) at After do interp, min=68.5977, max=68.5977, avg=68.5977
Memuse(MB) at After do interp, min=68.5977, max=68.5977, avg=68.5977
Memuse(MB) at After do interp, min=68.5977, max=68.5977, avg=68.5977
Memuse(MB) at After do interp, min=68.5977, max=68.5977, avg=68.5977
Memuse(MB) at After do interp, min=68.5977, max=68.5977, avg=68.5977
Memuse(MB) at After do interp, min=68.5977, max=68.5977, avg=68.5977
Memuse(MB) at After do interp, min=68.5977, max=68.5977, avg=68.5977
Memuse(MB) at After do interp, min=68.5977, max=68.5977, avg=68.5977
Memuse(MB) at After do interp, min=68.5977, max=68.5977, avg=68.5977
Memuse(MB) at After do interp, min=68.5977, max=68.5977, avg=68.5977
Memuse(MB) at After do interp, min=68.5977, max=68.5977, avg=68.5977
Memuse(MB) at After do interp, min=68.5977, max=68.5977, avg=68.5977
Memuse(MB) at After do interp, min=68.5977, max=68.5977, avg=68.5977
Memuse(MB) at After do interp, min=68.5977, max=68.5977, avg=68.5977
Memuse(MB) at After do interp, min=68.5977, max=68.5977, avg=68.5977
Memuse(MB) at After do interp, min=68.5977, max=68.5977, avg=68.5977
Memuse(MB) at After do interp, min=68.5977, max=68.5977, avg=68.5977
Memuse(MB) at After do interp, min=68.5977, max=68.5977, avg=68.5977
Memuse(MB) at After do interp, min=68.5977, max=68.5977, avg=68.5977
Memuse(MB) at After do interp, min=68.5977, max=68.5977, avg=68.5977
Memuse(MB) at After do interp, min=68.5977, max=68.5977, avg=68.5977
Memuse(MB) at After do interp, min=68.5977, max=68.5977, avg=68.5977
Memuse(MB) at After do interp, min=68.5977, max=68.5977, avg=68.5977
Memuse(MB) at After do interp, min=68.5977, max=68.5977, avg=68.5977
Memuse(MB) at After do interp, min=68.5977, max=68.5977, avg=68.5977
Memuse(MB) at After do interp, min=68.5977, max=68.5977, avg=68.5977
Memuse(MB) at After do interp, min=68.5977, max=68.5977, avg=68.5977
Memuse(MB) at After do interp, min=68.5977, max=68.5977, avg=68.5977
Memuse(MB) at After do interp, min=68.5977, max=68.5977, avg=68.5977
Memuse(MB) at After do interp, min=68.5977, max=68.5977, avg=68.5977
Memuse(MB) at After do interp, min=68.5977, max=68.5977, avg=68.5977
Memuse(MB) at After do interp, min=68.5977, max=68.5977, avg=68.5977
Memuse(MB) at After do interp, min=68.5977, max=68.5977, avg=68.5977
Memuse(MB) at After do interp, min=68.5977, max=68.5977, avg=68.5977
Memuse(MB) at After do interp, min=68.5977, max=68.5977, avg=68.5977
Memuse(MB) at After do interp, min=68.5977, max=68.5977, avg=68.5977
Memuse(MB) at After do interp, min=68.5977, max=68.5977, avg=68.5977
Memuse(MB) at After do interp, min=68.5977, max=68.5977, avg=68.5977
Memuse(MB) at After do interp, min=68.5977, max=68.5977, avg=68.5977
Memuse(MB) at After do interp, min=68.5977, max=68.5977, avg=68.5977
Memuse(MB) at After do interp, min=68.5977, max=68.5977, avg=68.5977
Memuse(MB) at After do interp, min=68.5977, max=68.5977, avg=68.5977
Memuse(MB) at After do interp, min=68.5977, max=68.5977, avg=68.5977
Memuse(MB) at After do interp, min=68.5977, max=68.5977, avg=68.5977
Memuse(MB) at After do interp, min=68.5977, max=68.5977, avg=68.5977
Memuse(MB) at After do interp, min=68.5977, max=68.5977, avg=68.5977
Memuse(MB) at After do interp, min=68.5977, max=68.5977, avg=68.5977
Memuse(MB) at After do interp, min=68.5977, max=68.5977, avg=68.5977
Memuse(MB) at After do interp, min=68.5977, max=68.5977, avg=68.5977
Memuse(MB) at After do interp, min=68.5977, max=68.5977, avg=68.5977
Memuse(MB) at After do interp, min=68.5977, max=68.5977, avg=68.5977
Memuse(MB) at After do interp, min=68.5977, max=68.5977, avg=68.5977
Memuse(MB) at After do interp, min=68.5977, max=68.5977, avg=68.5977
Memuse(MB) at After do interp, min=68.5977, max=68.5977, avg=68.5977
Memuse(MB) at After do interp, min=68.5977, max=68.5977, avg=68.5977
Memuse(MB) at After do interp, min=68.5977, max=68.5977, avg=68.5977
Memuse(MB) at After do interp, min=68.5977, max=68.5977, avg=68.5977
Memuse(MB) at After do interp, min=68.5977, max=68.5977, avg=68.5977
Memuse(MB) at After do interp, min=68.5977, max=68.5977, avg=68.5977
Memuse(MB) at After do interp, min=68.5977, max=68.5977, avg=68.5977
Memuse(MB) at After do interp, min=68.5977, max=68.5977, avg=68.5977
Memuse(MB) at After do interp, min=68.5977, max=68.5977, avg=68.5977
Memuse(MB) at After do interp, min=68.5977, max=68.5977, avg=68.5977
Memuse(MB) at After do interp, min=68.5977, max=68.5977, avg=68.5977
Memuse(MB) at After do interp, min=68.5977, max=68.5977, avg=68.5977
Memuse(MB) at After do interp, min=68.5977, max=68.5977, avg=68.5977
Memuse(MB) at After do interp, min=68.5977, max=68.5977, avg=68.5977
Memuse(MB) at After do interp, min=68.5977, max=68.5977, avg=68.5977
Memuse(MB) at After do interp, min=68.5977, max=68.5977, avg=68.5977
Memuse(MB) at After do interp, min=68.5977, max=68.5977, avg=68.5977
Memuse(MB) at After do interp, min=68.5977, max=68.5977, avg=68.5977
Memuse(MB) at After do interp, min=68.5977, max=68.5977, avg=68.5977
Memuse(MB) at After do interp, min=68.5977, max=68.5977, avg=68.5977
Memuse(MB) at After do interp, min=68.6406, max=68.6406, avg=68.6406
Memuse(MB) at After do interp, min=68.6406, max=68.6406, avg=68.6406
Memuse(MB) at After do interp, min=68.6406, max=68.6406, avg=68.6406
Memuse(MB) at After do interp, min=68.6406, max=68.6406, avg=68.6406
Memuse(MB) at After do interp, min=68.6602, max=68.6602, avg=68.6602
Memuse(MB) at After do interp, min=68.6602, max=68.6602, avg=68.6602
Memuse(MB) at After do interp, min=68.7109, max=68.7109, avg=68.7109
Memuse(MB) at After do interp, min=68.7109, max=68.7109, avg=68.7109
Memuse(MB) at After do interp, min=68.7109, max=68.7109, avg=68.7109
Memuse(MB) at After do interp, min=68.7109, max=68.7109, avg=68.7109
Memuse(MB) at After do interp, min=68.7578, max=68.7578, avg=68.7578
Memuse(MB) at After do interp, min=68.8086, max=68.8086, avg=68.8086
Memuse(MB) at After do interp, min=68.8086, max=68.8086, avg=68.8086
Memuse(MB) at After do interp, min=68.8086, max=68.8086, avg=68.8086
Memuse(MB) at After do interp, min=68.8086, max=68.8086, avg=68.8086
Memuse(MB) at After do interp, min=68.8086, max=68.8086, avg=68.8086
Memuse(MB) at After do interp, min=68.8086, max=68.8086, avg=68.8086
Memuse(MB) at After do interp, min=68.8086, max=68.8086, avg=68.8086
Memuse(MB) at After do interp, min=68.8281, max=68.8281, avg=68.8281
Memuse(MB) at After do interp, min=68.8281, max=68.8281, avg=68.8281
Memuse(MB) at After do interp, min=68.8789, max=68.8789, avg=68.8789
Memuse(MB) at After do interp, min=68.8789, max=68.8789, avg=68.8789
Memuse(MB) at After do interp, min=68.8789, max=68.8789, avg=68.8789
Memuse(MB) at After do interp, min=68.8789, max=68.8789, avg=68.8789
Memuse(MB) at After do interp, min=68.9297, max=68.9297, avg=68.9297
Memuse(MB) at After do interp, min=68.9766, max=68.9766, avg=68.9766
Memuse(MB) at After do interp, min=68.9766, max=68.9766, avg=68.9766
Memuse(MB) at After do interp, min=68.9766, max=68.9766, avg=68.9766
Memuse(MB) at After do interp, min=68.9766, max=68.9766, avg=68.9766
Memuse(MB) at After do interp, min=68.9766, max=68.9766, avg=68.9766
Memuse(MB) at After do interp, min=68.9766, max=68.9766, avg=68.9766
Memuse(MB) at After do interp, min=68.9766, max=68.9766, avg=68.9766
Memuse(MB) at After do interp, min=69, max=69, avg=69
Memuse(MB) at After do interp, min=69, max=69, avg=69
Memuse(MB) at After do interp, min=69.0469, max=69.0469, avg=69.0469
Memuse(MB) at After do interp, min=69.0469, max=69.0469, avg=69.0469
Memuse(MB) at After do interp, min=69.0469, max=69.0469, avg=69.0469
Memuse(MB) at After do interp, min=69.0469, max=69.0469, avg=69.0469
Memuse(MB) at After do interp, min=69.0977, max=69.0977, avg=69.0977
Memuse(MB) at After do interp, min=69.1484, max=69.1484, avg=69.1484
Memuse(MB) at After do interp, min=69.1484, max=69.1484, avg=69.1484
Memuse(MB) at After do interp, min=69.1484, max=69.1484, avg=69.1484
Memuse(MB) at After do interp, min=69.1484, max=69.1484, avg=69.1484
Memuse(MB) at After do interp, min=69.1484, max=69.1484, avg=69.1484
Memuse(MB) at After do interp, min=69.1484, max=69.1484, avg=69.1484
Memuse(MB) at After do interp, min=69.1484, max=69.1484, avg=69.1484
Memuse(MB) at After do interp, min=69.168, max=69.168, avg=69.168
Memuse(MB) at After do interp, min=69.168, max=69.168, avg=69.168
Memuse(MB) at After do interp, min=69.2188, max=69.2188, avg=69.2188
Memuse(MB) at After do interp, min=69.2188, max=69.2188, avg=69.2188
Memuse(MB) at After do interp, min=69.2188, max=69.2188, avg=69.2188
Memuse(MB) at After do interp, min=69.2188, max=69.2188, avg=69.2188
Memuse(MB) at After do interp, min=69.2656, max=69.2656, avg=69.2656
Memuse(MB) at After do interp, min=69.3164, max=69.3164, avg=69.3164
Memuse(MB) at After do interp, min=69.3164, max=69.3164, avg=69.3164
Memuse(MB) at After do interp, min=69.3164, max=69.3164, avg=69.3164
Memuse(MB) at After do interp, min=69.3164, max=69.3164, avg=69.3164
Memuse(MB) at After do interp, min=69.3164, max=69.3164, avg=69.3164
Memuse(MB) at After do interp, min=69.3164, max=69.3164, avg=69.3164
Memuse(MB) at After do interp, min=69.3164, max=69.3164, avg=69.3164
Memuse(MB) at After do interp, min=69.3359, max=69.3359, avg=69.3359
Memuse(MB) at After do interp, min=69.3359, max=69.3359, avg=69.3359
Memuse(MB) at After do interp, min=69.3867, max=69.3867, avg=69.3867
Memuse(MB) at After do interp, min=69.3867, max=69.3867, avg=69.3867
Memuse(MB) at After do interp, min=69.3867, max=69.3867, avg=69.3867
Memuse(MB) at After do interp, min=69.3867, max=69.3867, avg=69.3867
Memuse(MB) at After do interp, min=69.4375, max=69.4375, avg=69.4375
Memuse(MB) at After do interp, min=69.4844, max=69.4844, avg=69.4844
Memuse(MB) at After do interp, min=69.4844, max=69.4844, avg=69.4844
Memuse(MB) at After do interp, min=69.4844, max=69.4844, avg=69.4844
Memuse(MB) at After do interp, min=69.4844, max=69.4844, avg=69.4844
Memuse(MB) at After do interp, min=69.4844, max=69.4844, avg=69.4844
Memuse(MB) at After do interp, min=69.4844, max=69.4844, avg=69.4844
Memuse(MB) at After do interp, min=69.4844, max=69.4844, avg=69.4844
Memuse(MB) at After do interp, min=69.5078, max=69.5078, avg=69.5078
Memuse(MB) at After do interp, min=69.5078, max=69.5078, avg=69.5078
Memuse(MB) at After do interp, min=69.5547, max=69.5547, avg=69.5547
Memuse(MB) at After do interp, min=69.5547, max=69.5547, avg=69.5547
Memuse(MB) at After do interp, min=69.5547, max=69.5547, avg=69.5547
Memuse(MB) at After do interp, min=69.5547, max=69.5547, avg=69.5547
Memuse(MB) at After do interp, min=69.5742, max=69.5742, avg=69.5742
Memuse(MB) at After do interp, min=69.625, max=69.625, avg=69.625
Memuse(MB) at After do interp, min=69.625, max=69.625, avg=69.625
Memuse(MB) at After do interp, min=69.625, max=69.625, avg=69.625
Memuse(MB) at After do interp, min=69.625, max=69.625, avg=69.625
Memuse(MB) at After do interp, min=69.625, max=69.625, avg=69.625
Memuse(MB) at After do interp, min=69.625, max=69.625, avg=69.625
Memuse(MB) at After do interp, min=69.625, max=69.625, avg=69.625
Memuse(MB) at After do interp, min=69.6445, max=69.6445, avg=69.6445
Memuse(MB) at After do interp, min=69.6953, max=69.6953, avg=69.6953
Memuse(MB) at After do interp, min=69.6953, max=69.6953, avg=69.6953
Memuse(MB) at After do interp, min=69.6953, max=69.6953, avg=69.6953
Memuse(MB) at After do interp, min=69.6953, max=69.6953, avg=69.6953
Memuse(MB) at After do interp, min=69.6953, max=69.6953, avg=69.6953
Memuse(MB) at After do interp, min=69.7422, max=69.7422, avg=69.7422
Memuse(MB) at After do interp, min=69.793, max=69.793, avg=69.793
Memuse(MB) at After do interp, min=69.793, max=69.793, avg=69.793
Memuse(MB) at After do interp, min=69.793, max=69.793, avg=69.793
Memuse(MB) at After do interp, min=69.793, max=69.793, avg=69.793
Memuse(MB) at After do interp, min=69.793, max=69.793, avg=69.793
Memuse(MB) at After do interp, min=69.793, max=69.793, avg=69.793
Memuse(MB) at After do interp, min=69.793, max=69.793, avg=69.793
Memuse(MB) at After do interp, min=69.8125, max=69.8125, avg=69.8125
Memuse(MB) at After do interp, min=69.8633, max=69.8633, avg=69.8633
Memuse(MB) at After do interp, min=69.8633, max=69.8633, avg=69.8633
Memuse(MB) at After do interp, min=69.8633, max=69.8633, avg=69.8633
Memuse(MB) at After do interp, min=69.8633, max=69.8633, avg=69.8633
Memuse(MB) at After do interp, min=69.8633, max=69.8633, avg=69.8633
Memuse(MB) at After do interp, min=69.9141, max=69.9141, avg=69.9141
Memuse(MB) at After do interp, min=69.9609, max=69.9609, avg=69.9609
Memuse(MB) at After do interp, min=69.9609, max=69.9609, avg=69.9609
Memuse(MB) at After do interp, min=69.9609, max=69.9609, avg=69.9609
Memuse(MB) at After do interp, min=69.9609, max=69.9609, avg=69.9609
Memuse(MB) at After do interp, min=69.9609, max=69.9609, avg=69.9609
Memuse(MB) at After do interp, min=69.9609, max=69.9609, avg=69.9609
Memuse(MB) at After do interp, min=69.9609, max=69.9609, avg=69.9609
Memuse(MB) at After do interp, min=69.9844, max=69.9844, avg=69.9844
Memuse(MB) at After do interp, min=70.0312, max=70.0312, avg=70.0312
Memuse(MB) at After do interp, min=70.0312, max=70.0312, avg=70.0312
Memuse(MB) at After do interp, min=70.0312, max=70.0312, avg=70.0312
Memuse(MB) at After do interp, min=70.0312, max=70.0312, avg=70.0312
Memuse(MB) at After do interp, min=70.0312, max=70.0312, avg=70.0312
Memuse(MB) at After do interp, min=70.082, max=70.082, avg=70.082
Memuse(MB) at After do interp, min=70.1328, max=70.1328, avg=70.1328
Memuse(MB) at After do interp, min=70.1328, max=70.1328, avg=70.1328
Memuse(MB) at After do interp, min=70.1328, max=70.1328, avg=70.1328
Memuse(MB) at After do interp, min=70.1328, max=70.1328, avg=70.1328
Memuse(MB) at After do interp, min=70.1328, max=70.1328, avg=70.1328
Memuse(MB) at After do interp, min=70.1328, max=70.1328, avg=70.1328
Memuse(MB) at After do interp, min=70.1328, max=70.1328, avg=70.1328
Memuse(MB) at After do interp, min=70.1523, max=70.1523, avg=70.1523
Memuse(MB) at After do interp, min=70.2031, max=70.2031, avg=70.2031
Memuse(MB) at After do interp, min=70.2031, max=70.2031, avg=70.2031
Memuse(MB) at After do interp, min=70.2031, max=70.2031, avg=70.2031
Memuse(MB) at After do interp, min=70.2031, max=70.2031, avg=70.2031
Running time for get_input, min=55.37, max=55.37, avg=55.37
Running time for do_interp, min=19.33, max=19.33, avg=19.33
Running time for write_data, min=3.8, max=3.8, avg=3.8
Successfully running fregrid and the following output file are generated.
****dailyUT.nc
fregrid time
finished regridding 1
finished moving
