starting work on 5
Cloning into 'FREgrid'...
‘./FREgrid/C96_grid.tile1.nc’ -> ‘./C96_grid.tile1.nc’
‘./FREgrid/C96_grid.tile2.nc’ -> ‘./C96_grid.tile2.nc’
‘./FREgrid/C96_grid.tile3.nc’ -> ‘./C96_grid.tile3.nc’
‘./FREgrid/C96_grid.tile4.nc’ -> ‘./C96_grid.tile4.nc’
‘./FREgrid/C96_grid.tile5.nc’ -> ‘./C96_grid.tile5.nc’
‘./FREgrid/C96_grid.tile6.nc’ -> ‘./C96_grid.tile6.nc’
‘./FREgrid/C96_mosaic.nc’ -> ‘./C96_mosaic.nc’
‘./FREgrid/GridRunner’ -> ‘./GridRunner’
‘./FREgrid/grid_spec.nc’ -> ‘./grid_spec.nc’
‘./FREgrid/mborrus@login.sherlock.stanford.edu’ -> ‘./mborrus@login.sherlock.stanford.edu’
‘./FREgrid/README.md’ -> ‘./README.md’
****fregrid: first order conservative scheme will be used for regridding.
Memuse(MB) at Before calling get_input_grid, min=5.89062, max=5.89062, avg=5.89062
Memuse(MB) at After calling get_input_grid, min=9.91016, max=9.91016, avg=9.91016
Memuse(MB) at After calling get_output_grid, min=9.91016, max=9.91016, avg=9.91016
Memuse(MB) at After get_input_output_cell_area, min=9.93359, max=9.93359, avg=9.93359
Input: filename=19790101.atmos_daily.tile1.nc, nvar=10, format=2
Not compressing because input file is NetCDF3
Memuse(MB) at After set_output_metadata, min=36.4297, max=36.4297, avg=36.4297
NOTE: done calculating index and weight for conservative interpolation
Memuse(MB) at After setup interp, min=45.0977, max=45.0977, avg=45.0977
Running time for get_input_grid, min=0.06, max=0.06, avg=0.06
Running time for get_output_grid, min=0, max=0, avg=0
Running time for setup_interp, min=0.78, max=0.78, avg=0.78
Memuse(MB) at After do interp, min=45.0977, max=45.0977, avg=45.0977
Memuse(MB) at After do interp, min=45.0977, max=45.0977, avg=45.0977
Memuse(MB) at After do interp, min=68.5625, max=68.5625, avg=68.5625
Memuse(MB) at After do interp, min=68.5898, max=68.5898, avg=68.5898
Memuse(MB) at After do interp, min=68.5898, max=68.5898, avg=68.5898
Memuse(MB) at After do interp, min=68.5898, max=68.5898, avg=68.5898
Memuse(MB) at After do interp, min=68.5898, max=68.5898, avg=68.5898
Memuse(MB) at After do interp, min=68.5898, max=68.5898, avg=68.5898
Memuse(MB) at After do interp, min=68.5898, max=68.5898, avg=68.5898
Memuse(MB) at After do interp, min=68.5898, max=68.5898, avg=68.5898
Memuse(MB) at After do interp, min=68.5898, max=68.5898, avg=68.5898
Memuse(MB) at After do interp, min=68.5898, max=68.5898, avg=68.5898
Memuse(MB) at After do interp, min=68.5898, max=68.5898, avg=68.5898
Memuse(MB) at After do interp, min=68.5898, max=68.5898, avg=68.5898
Memuse(MB) at After do interp, min=68.5898, max=68.5898, avg=68.5898
Memuse(MB) at After do interp, min=68.5898, max=68.5898, avg=68.5898
Memuse(MB) at After do interp, min=68.5898, max=68.5898, avg=68.5898
Memuse(MB) at After do interp, min=68.5898, max=68.5898, avg=68.5898
Memuse(MB) at After do interp, min=68.5898, max=68.5898, avg=68.5898
Memuse(MB) at After do interp, min=68.5898, max=68.5898, avg=68.5898
Memuse(MB) at After do interp, min=68.5898, max=68.5898, avg=68.5898
Memuse(MB) at After do interp, min=68.5898, max=68.5898, avg=68.5898
Memuse(MB) at After do interp, min=68.5898, max=68.5898, avg=68.5898
Memuse(MB) at After do interp, min=68.5898, max=68.5898, avg=68.5898
Memuse(MB) at After do interp, min=68.5898, max=68.5898, avg=68.5898
Memuse(MB) at After do interp, min=68.5898, max=68.5898, avg=68.5898
Memuse(MB) at After do interp, min=68.5898, max=68.5898, avg=68.5898
Memuse(MB) at After do interp, min=68.5898, max=68.5898, avg=68.5898
Memuse(MB) at After do interp, min=68.5898, max=68.5898, avg=68.5898
Memuse(MB) at After do interp, min=68.5898, max=68.5898, avg=68.5898
Memuse(MB) at After do interp, min=68.5898, max=68.5898, avg=68.5898
Memuse(MB) at After do interp, min=68.5898, max=68.5898, avg=68.5898
Memuse(MB) at After do interp, min=68.5898, max=68.5898, avg=68.5898
Memuse(MB) at After do interp, min=68.5898, max=68.5898, avg=68.5898
Memuse(MB) at After do interp, min=68.5898, max=68.5898, avg=68.5898
Memuse(MB) at After do interp, min=68.5898, max=68.5898, avg=68.5898
Memuse(MB) at After do interp, min=68.5898, max=68.5898, avg=68.5898
Memuse(MB) at After do interp, min=68.5898, max=68.5898, avg=68.5898
Memuse(MB) at After do interp, min=68.5898, max=68.5898, avg=68.5898
Memuse(MB) at After do interp, min=68.5898, max=68.5898, avg=68.5898
Memuse(MB) at After do interp, min=68.5898, max=68.5898, avg=68.5898
Memuse(MB) at After do interp, min=68.5898, max=68.5898, avg=68.5898
Memuse(MB) at After do interp, min=68.5898, max=68.5898, avg=68.5898
Memuse(MB) at After do interp, min=68.5898, max=68.5898, avg=68.5898
Memuse(MB) at After do interp, min=68.5898, max=68.5898, avg=68.5898
Memuse(MB) at After do interp, min=68.5898, max=68.5898, avg=68.5898
Memuse(MB) at After do interp, min=68.5898, max=68.5898, avg=68.5898
Memuse(MB) at After do interp, min=68.5898, max=68.5898, avg=68.5898
Memuse(MB) at After do interp, min=68.5938, max=68.5938, avg=68.5938
Memuse(MB) at After do interp, min=68.5938, max=68.5938, avg=68.5938
Memuse(MB) at After do interp, min=68.5938, max=68.5938, avg=68.5938
Memuse(MB) at After do interp, min=68.5938, max=68.5938, avg=68.5938
Memuse(MB) at After do interp, min=68.5938, max=68.5938, avg=68.5938
Memuse(MB) at After do interp, min=68.5938, max=68.5938, avg=68.5938
Memuse(MB) at After do interp, min=68.5938, max=68.5938, avg=68.5938
Memuse(MB) at After do interp, min=68.5938, max=68.5938, avg=68.5938
Memuse(MB) at After do interp, min=68.5938, max=68.5938, avg=68.5938
Memuse(MB) at After do interp, min=68.5938, max=68.5938, avg=68.5938
Memuse(MB) at After do interp, min=68.5938, max=68.5938, avg=68.5938
Memuse(MB) at After do interp, min=68.5938, max=68.5938, avg=68.5938
Memuse(MB) at After do interp, min=68.5938, max=68.5938, avg=68.5938
Memuse(MB) at After do interp, min=68.5938, max=68.5938, avg=68.5938
Memuse(MB) at After do interp, min=68.5938, max=68.5938, avg=68.5938
Memuse(MB) at After do interp, min=68.5938, max=68.5938, avg=68.5938
Memuse(MB) at After do interp, min=68.5938, max=68.5938, avg=68.5938
Memuse(MB) at After do interp, min=68.5938, max=68.5938, avg=68.5938
Memuse(MB) at After do interp, min=68.5938, max=68.5938, avg=68.5938
Memuse(MB) at After do interp, min=68.5938, max=68.5938, avg=68.5938
Memuse(MB) at After do interp, min=68.5938, max=68.5938, avg=68.5938
Memuse(MB) at After do interp, min=68.5938, max=68.5938, avg=68.5938
Memuse(MB) at After do interp, min=68.5938, max=68.5938, avg=68.5938
Memuse(MB) at After do interp, min=68.5938, max=68.5938, avg=68.5938
Memuse(MB) at After do interp, min=68.5938, max=68.5938, avg=68.5938
Memuse(MB) at After do interp, min=68.5938, max=68.5938, avg=68.5938
Memuse(MB) at After do interp, min=68.5938, max=68.5938, avg=68.5938
Memuse(MB) at After do interp, min=68.5938, max=68.5938, avg=68.5938
Memuse(MB) at After do interp, min=68.5938, max=68.5938, avg=68.5938
Memuse(MB) at After do interp, min=68.5938, max=68.5938, avg=68.5938
Memuse(MB) at After do interp, min=68.5938, max=68.5938, avg=68.5938
Memuse(MB) at After do interp, min=68.5938, max=68.5938, avg=68.5938
Memuse(MB) at After do interp, min=68.5938, max=68.5938, avg=68.5938
Memuse(MB) at After do interp, min=68.5938, max=68.5938, avg=68.5938
Memuse(MB) at After do interp, min=68.5938, max=68.5938, avg=68.5938
Memuse(MB) at After do interp, min=68.5938, max=68.5938, avg=68.5938
Memuse(MB) at After do interp, min=68.5938, max=68.5938, avg=68.5938
Memuse(MB) at After do interp, min=68.5938, max=68.5938, avg=68.5938
Memuse(MB) at After do interp, min=68.5938, max=68.5938, avg=68.5938
Memuse(MB) at After do interp, min=68.5938, max=68.5938, avg=68.5938
Memuse(MB) at After do interp, min=68.5938, max=68.5938, avg=68.5938
Memuse(MB) at After do interp, min=68.5938, max=68.5938, avg=68.5938
Memuse(MB) at After do interp, min=68.5938, max=68.5938, avg=68.5938
Memuse(MB) at After do interp, min=68.5938, max=68.5938, avg=68.5938
Memuse(MB) at After do interp, min=68.5938, max=68.5938, avg=68.5938
Memuse(MB) at After do interp, min=68.5938, max=68.5938, avg=68.5938
Memuse(MB) at After do interp, min=68.5938, max=68.5938, avg=68.5938
Memuse(MB) at After do interp, min=68.5938, max=68.5938, avg=68.5938
Memuse(MB) at After do interp, min=68.5938, max=68.5938, avg=68.5938
Memuse(MB) at After do interp, min=68.5938, max=68.5938, avg=68.5938
Memuse(MB) at After do interp, min=68.5938, max=68.5938, avg=68.5938
Memuse(MB) at After do interp, min=68.5938, max=68.5938, avg=68.5938
Memuse(MB) at After do interp, min=68.5938, max=68.5938, avg=68.5938
Memuse(MB) at After do interp, min=68.5938, max=68.5938, avg=68.5938
Memuse(MB) at After do interp, min=68.5938, max=68.5938, avg=68.5938
Memuse(MB) at After do interp, min=68.5938, max=68.5938, avg=68.5938
Memuse(MB) at After do interp, min=68.5938, max=68.5938, avg=68.5938
Memuse(MB) at After do interp, min=68.5938, max=68.5938, avg=68.5938
Memuse(MB) at After do interp, min=68.5938, max=68.5938, avg=68.5938
Memuse(MB) at After do interp, min=68.5938, max=68.5938, avg=68.5938
Memuse(MB) at After do interp, min=68.5938, max=68.5938, avg=68.5938
Memuse(MB) at After do interp, min=68.5938, max=68.5938, avg=68.5938
Memuse(MB) at After do interp, min=68.5938, max=68.5938, avg=68.5938
Memuse(MB) at After do interp, min=68.5938, max=68.5938, avg=68.5938
Memuse(MB) at After do interp, min=68.5938, max=68.5938, avg=68.5938
Memuse(MB) at After do interp, min=68.5938, max=68.5938, avg=68.5938
Memuse(MB) at After do interp, min=68.5938, max=68.5938, avg=68.5938
Memuse(MB) at After do interp, min=68.5938, max=68.5938, avg=68.5938
Memuse(MB) at After do interp, min=68.5938, max=68.5938, avg=68.5938
Memuse(MB) at After do interp, min=68.5938, max=68.5938, avg=68.5938
Memuse(MB) at After do interp, min=68.5938, max=68.5938, avg=68.5938
Memuse(MB) at After do interp, min=68.5938, max=68.5938, avg=68.5938
Memuse(MB) at After do interp, min=68.5938, max=68.5938, avg=68.5938
Memuse(MB) at After do interp, min=68.5938, max=68.5938, avg=68.5938
Memuse(MB) at After do interp, min=68.5938, max=68.5938, avg=68.5938
Memuse(MB) at After do interp, min=68.5938, max=68.5938, avg=68.5938
Memuse(MB) at After do interp, min=68.5938, max=68.5938, avg=68.5938
Memuse(MB) at After do interp, min=68.5938, max=68.5938, avg=68.5938
Memuse(MB) at After do interp, min=68.5938, max=68.5938, avg=68.5938
Memuse(MB) at After do interp, min=68.5938, max=68.5938, avg=68.5938
Memuse(MB) at After do interp, min=68.5938, max=68.5938, avg=68.5938
Memuse(MB) at After do interp, min=68.5938, max=68.5938, avg=68.5938
Memuse(MB) at After do interp, min=68.5938, max=68.5938, avg=68.5938
Memuse(MB) at After do interp, min=68.5938, max=68.5938, avg=68.5938
Memuse(MB) at After do interp, min=68.5938, max=68.5938, avg=68.5938
Memuse(MB) at After do interp, min=68.5938, max=68.5938, avg=68.5938
Memuse(MB) at After do interp, min=68.5938, max=68.5938, avg=68.5938
Memuse(MB) at After do interp, min=68.5938, max=68.5938, avg=68.5938
Memuse(MB) at After do interp, min=68.5938, max=68.5938, avg=68.5938
Memuse(MB) at After do interp, min=68.5938, max=68.5938, avg=68.5938
Memuse(MB) at After do interp, min=68.5938, max=68.5938, avg=68.5938
Memuse(MB) at After do interp, min=68.5938, max=68.5938, avg=68.5938
Memuse(MB) at After do interp, min=68.5938, max=68.5938, avg=68.5938
Memuse(MB) at After do interp, min=68.5938, max=68.5938, avg=68.5938
Memuse(MB) at After do interp, min=68.5938, max=68.5938, avg=68.5938
Memuse(MB) at After do interp, min=68.5938, max=68.5938, avg=68.5938
Memuse(MB) at After do interp, min=68.5938, max=68.5938, avg=68.5938
Memuse(MB) at After do interp, min=68.5938, max=68.5938, avg=68.5938
Memuse(MB) at After do interp, min=68.5938, max=68.5938, avg=68.5938
Memuse(MB) at After do interp, min=68.5938, max=68.5938, avg=68.5938
Memuse(MB) at After do interp, min=68.5938, max=68.5938, avg=68.5938
Memuse(MB) at After do interp, min=68.5938, max=68.5938, avg=68.5938
Memuse(MB) at After do interp, min=68.5938, max=68.5938, avg=68.5938
Memuse(MB) at After do interp, min=68.5938, max=68.5938, avg=68.5938
Memuse(MB) at After do interp, min=68.5938, max=68.5938, avg=68.5938
Memuse(MB) at After do interp, min=68.5938, max=68.5938, avg=68.5938
Memuse(MB) at After do interp, min=68.5938, max=68.5938, avg=68.5938
Memuse(MB) at After do interp, min=68.5938, max=68.5938, avg=68.5938
Memuse(MB) at After do interp, min=68.5938, max=68.5938, avg=68.5938
Memuse(MB) at After do interp, min=68.5938, max=68.5938, avg=68.5938
Memuse(MB) at After do interp, min=68.5938, max=68.5938, avg=68.5938
Memuse(MB) at After do interp, min=68.5938, max=68.5938, avg=68.5938
Memuse(MB) at After do interp, min=68.5938, max=68.5938, avg=68.5938
Memuse(MB) at After do interp, min=68.5938, max=68.5938, avg=68.5938
Memuse(MB) at After do interp, min=68.5938, max=68.5938, avg=68.5938
Memuse(MB) at After do interp, min=68.5938, max=68.5938, avg=68.5938
Memuse(MB) at After do interp, min=68.5938, max=68.5938, avg=68.5938
Memuse(MB) at After do interp, min=68.5938, max=68.5938, avg=68.5938
Memuse(MB) at After do interp, min=68.5938, max=68.5938, avg=68.5938
Memuse(MB) at After do interp, min=68.5938, max=68.5938, avg=68.5938
Memuse(MB) at After do interp, min=68.5938, max=68.5938, avg=68.5938
Memuse(MB) at After do interp, min=68.5938, max=68.5938, avg=68.5938
Memuse(MB) at After do interp, min=68.5938, max=68.5938, avg=68.5938
Memuse(MB) at After do interp, min=68.5938, max=68.5938, avg=68.5938
Memuse(MB) at After do interp, min=68.5938, max=68.5938, avg=68.5938
Memuse(MB) at After do interp, min=68.5938, max=68.5938, avg=68.5938
Memuse(MB) at After do interp, min=68.5938, max=68.5938, avg=68.5938
Memuse(MB) at After do interp, min=68.5938, max=68.5938, avg=68.5938
Memuse(MB) at After do interp, min=68.5938, max=68.5938, avg=68.5938
Memuse(MB) at After do interp, min=68.5938, max=68.5938, avg=68.5938
Memuse(MB) at After do interp, min=68.5938, max=68.5938, avg=68.5938
Memuse(MB) at After do interp, min=68.5938, max=68.5938, avg=68.5938
Memuse(MB) at After do interp, min=68.5938, max=68.5938, avg=68.5938
Memuse(MB) at After do interp, min=68.5938, max=68.5938, avg=68.5938
Memuse(MB) at After do interp, min=68.5938, max=68.5938, avg=68.5938
Memuse(MB) at After do interp, min=68.5938, max=68.5938, avg=68.5938
Memuse(MB) at After do interp, min=68.5938, max=68.5938, avg=68.5938
Memuse(MB) at After do interp, min=68.5938, max=68.5938, avg=68.5938
Memuse(MB) at After do interp, min=68.5938, max=68.5938, avg=68.5938
Memuse(MB) at After do interp, min=68.5938, max=68.5938, avg=68.5938
Memuse(MB) at After do interp, min=68.5938, max=68.5938, avg=68.5938
Memuse(MB) at After do interp, min=68.5938, max=68.5938, avg=68.5938
Memuse(MB) at After do interp, min=68.5938, max=68.5938, avg=68.5938
Memuse(MB) at After do interp, min=68.5938, max=68.5938, avg=68.5938
Memuse(MB) at After do interp, min=68.5938, max=68.5938, avg=68.5938
Memuse(MB) at After do interp, min=68.5938, max=68.5938, avg=68.5938
Memuse(MB) at After do interp, min=68.5938, max=68.5938, avg=68.5938
Memuse(MB) at After do interp, min=68.5938, max=68.5938, avg=68.5938
Memuse(MB) at After do interp, min=68.5938, max=68.5938, avg=68.5938
Memuse(MB) at After do interp, min=68.5938, max=68.5938, avg=68.5938
Memuse(MB) at After do interp, min=68.5938, max=68.5938, avg=68.5938
Memuse(MB) at After do interp, min=68.5938, max=68.5938, avg=68.5938
Memuse(MB) at After do interp, min=68.5938, max=68.5938, avg=68.5938
Memuse(MB) at After do interp, min=68.5938, max=68.5938, avg=68.5938
Memuse(MB) at After do interp, min=68.5938, max=68.5938, avg=68.5938
Memuse(MB) at After do interp, min=68.5938, max=68.5938, avg=68.5938
Memuse(MB) at After do interp, min=68.5938, max=68.5938, avg=68.5938
Memuse(MB) at After do interp, min=68.5938, max=68.5938, avg=68.5938
Memuse(MB) at After do interp, min=68.5938, max=68.5938, avg=68.5938
Memuse(MB) at After do interp, min=68.5938, max=68.5938, avg=68.5938
Memuse(MB) at After do interp, min=68.5938, max=68.5938, avg=68.5938
Memuse(MB) at After do interp, min=68.5938, max=68.5938, avg=68.5938
Memuse(MB) at After do interp, min=68.5938, max=68.5938, avg=68.5938
Memuse(MB) at After do interp, min=68.5938, max=68.5938, avg=68.5938
Memuse(MB) at After do interp, min=68.5938, max=68.5938, avg=68.5938
Memuse(MB) at After do interp, min=68.5938, max=68.5938, avg=68.5938
Memuse(MB) at After do interp, min=68.5938, max=68.5938, avg=68.5938
Memuse(MB) at After do interp, min=68.5938, max=68.5938, avg=68.5938
Memuse(MB) at After do interp, min=68.5938, max=68.5938, avg=68.5938
Memuse(MB) at After do interp, min=68.5938, max=68.5938, avg=68.5938
Memuse(MB) at After do interp, min=68.5938, max=68.5938, avg=68.5938
Memuse(MB) at After do interp, min=68.5938, max=68.5938, avg=68.5938
Memuse(MB) at After do interp, min=68.5938, max=68.5938, avg=68.5938
Memuse(MB) at After do interp, min=68.5938, max=68.5938, avg=68.5938
Memuse(MB) at After do interp, min=68.5938, max=68.5938, avg=68.5938
Memuse(MB) at After do interp, min=68.5938, max=68.5938, avg=68.5938
Memuse(MB) at After do interp, min=68.5938, max=68.5938, avg=68.5938
Memuse(MB) at After do interp, min=68.5938, max=68.5938, avg=68.5938
Memuse(MB) at After do interp, min=68.5938, max=68.5938, avg=68.5938
Memuse(MB) at After do interp, min=68.5938, max=68.5938, avg=68.5938
Memuse(MB) at After do interp, min=68.5938, max=68.5938, avg=68.5938
Memuse(MB) at After do interp, min=68.5938, max=68.5938, avg=68.5938
Memuse(MB) at After do interp, min=68.6367, max=68.6367, avg=68.6367
Memuse(MB) at After do interp, min=68.6367, max=68.6367, avg=68.6367
Memuse(MB) at After do interp, min=68.6367, max=68.6367, avg=68.6367
Memuse(MB) at After do interp, min=68.6367, max=68.6367, avg=68.6367
Memuse(MB) at After do interp, min=68.6562, max=68.6562, avg=68.6562
Memuse(MB) at After do interp, min=68.6562, max=68.6562, avg=68.6562
Memuse(MB) at After do interp, min=68.707, max=68.707, avg=68.707
Memuse(MB) at After do interp, min=68.707, max=68.707, avg=68.707
Memuse(MB) at After do interp, min=68.707, max=68.707, avg=68.707
Memuse(MB) at After do interp, min=68.707, max=68.707, avg=68.707
Memuse(MB) at After do interp, min=68.7539, max=68.7539, avg=68.7539
Memuse(MB) at After do interp, min=68.8047, max=68.8047, avg=68.8047
Memuse(MB) at After do interp, min=68.8047, max=68.8047, avg=68.8047
Memuse(MB) at After do interp, min=68.8047, max=68.8047, avg=68.8047
Memuse(MB) at After do interp, min=68.8047, max=68.8047, avg=68.8047
Memuse(MB) at After do interp, min=68.8047, max=68.8047, avg=68.8047
Memuse(MB) at After do interp, min=68.8047, max=68.8047, avg=68.8047
Memuse(MB) at After do interp, min=68.8047, max=68.8047, avg=68.8047
Memuse(MB) at After do interp, min=68.8242, max=68.8242, avg=68.8242
Memuse(MB) at After do interp, min=68.8242, max=68.8242, avg=68.8242
Memuse(MB) at After do interp, min=68.875, max=68.875, avg=68.875
Memuse(MB) at After do interp, min=68.875, max=68.875, avg=68.875
Memuse(MB) at After do interp, min=68.875, max=68.875, avg=68.875
Memuse(MB) at After do interp, min=68.875, max=68.875, avg=68.875
Memuse(MB) at After do interp, min=68.9258, max=68.9258, avg=68.9258
Memuse(MB) at After do interp, min=68.9727, max=68.9727, avg=68.9727
Memuse(MB) at After do interp, min=68.9727, max=68.9727, avg=68.9727
Memuse(MB) at After do interp, min=68.9727, max=68.9727, avg=68.9727
Memuse(MB) at After do interp, min=68.9727, max=68.9727, avg=68.9727
Memuse(MB) at After do interp, min=68.9727, max=68.9727, avg=68.9727
Memuse(MB) at After do interp, min=68.9727, max=68.9727, avg=68.9727
Memuse(MB) at After do interp, min=68.9727, max=68.9727, avg=68.9727
Memuse(MB) at After do interp, min=68.9961, max=68.9961, avg=68.9961
Memuse(MB) at After do interp, min=68.9961, max=68.9961, avg=68.9961
Memuse(MB) at After do interp, min=69.043, max=69.043, avg=69.043
Memuse(MB) at After do interp, min=69.043, max=69.043, avg=69.043
Memuse(MB) at After do interp, min=69.043, max=69.043, avg=69.043
Memuse(MB) at After do interp, min=69.043, max=69.043, avg=69.043
Memuse(MB) at After do interp, min=69.0938, max=69.0938, avg=69.0938
Memuse(MB) at After do interp, min=69.1445, max=69.1445, avg=69.1445
Memuse(MB) at After do interp, min=69.1445, max=69.1445, avg=69.1445
Memuse(MB) at After do interp, min=69.1445, max=69.1445, avg=69.1445
Memuse(MB) at After do interp, min=69.1445, max=69.1445, avg=69.1445
Memuse(MB) at After do interp, min=69.1445, max=69.1445, avg=69.1445
Memuse(MB) at After do interp, min=69.1445, max=69.1445, avg=69.1445
Memuse(MB) at After do interp, min=69.1445, max=69.1445, avg=69.1445
Memuse(MB) at After do interp, min=69.1641, max=69.1641, avg=69.1641
Memuse(MB) at After do interp, min=69.1641, max=69.1641, avg=69.1641
Memuse(MB) at After do interp, min=69.2148, max=69.2148, avg=69.2148
Memuse(MB) at After do interp, min=69.2148, max=69.2148, avg=69.2148
Memuse(MB) at After do interp, min=69.2148, max=69.2148, avg=69.2148
Memuse(MB) at After do interp, min=69.2148, max=69.2148, avg=69.2148
Memuse(MB) at After do interp, min=69.2617, max=69.2617, avg=69.2617
Memuse(MB) at After do interp, min=69.3125, max=69.3125, avg=69.3125
Memuse(MB) at After do interp, min=69.3125, max=69.3125, avg=69.3125
Memuse(MB) at After do interp, min=69.3125, max=69.3125, avg=69.3125
Memuse(MB) at After do interp, min=69.3125, max=69.3125, avg=69.3125
Memuse(MB) at After do interp, min=69.3125, max=69.3125, avg=69.3125
Memuse(MB) at After do interp, min=69.3125, max=69.3125, avg=69.3125
Memuse(MB) at After do interp, min=69.3125, max=69.3125, avg=69.3125
Memuse(MB) at After do interp, min=69.332, max=69.332, avg=69.332
Memuse(MB) at After do interp, min=69.332, max=69.332, avg=69.332
Memuse(MB) at After do interp, min=69.3828, max=69.3828, avg=69.3828
Memuse(MB) at After do interp, min=69.3828, max=69.3828, avg=69.3828
Memuse(MB) at After do interp, min=69.3828, max=69.3828, avg=69.3828
Memuse(MB) at After do interp, min=69.3828, max=69.3828, avg=69.3828
Memuse(MB) at After do interp, min=69.4336, max=69.4336, avg=69.4336
Memuse(MB) at After do interp, min=69.4805, max=69.4805, avg=69.4805
Memuse(MB) at After do interp, min=69.4805, max=69.4805, avg=69.4805
Memuse(MB) at After do interp, min=69.4805, max=69.4805, avg=69.4805
Memuse(MB) at After do interp, min=69.4805, max=69.4805, avg=69.4805
Memuse(MB) at After do interp, min=69.4805, max=69.4805, avg=69.4805
Memuse(MB) at After do interp, min=69.4805, max=69.4805, avg=69.4805
Memuse(MB) at After do interp, min=69.4805, max=69.4805, avg=69.4805
Memuse(MB) at After do interp, min=69.5039, max=69.5039, avg=69.5039
Memuse(MB) at After do interp, min=69.5039, max=69.5039, avg=69.5039
Memuse(MB) at After do interp, min=69.5508, max=69.5508, avg=69.5508
Memuse(MB) at After do interp, min=69.5508, max=69.5508, avg=69.5508
Memuse(MB) at After do interp, min=69.5508, max=69.5508, avg=69.5508
Memuse(MB) at After do interp, min=69.5508, max=69.5508, avg=69.5508
Memuse(MB) at After do interp, min=69.6016, max=69.6016, avg=69.6016
Memuse(MB) at After do interp, min=69.6523, max=69.6523, avg=69.6523
Memuse(MB) at After do interp, min=69.6523, max=69.6523, avg=69.6523
Memuse(MB) at After do interp, min=69.6523, max=69.6523, avg=69.6523
Memuse(MB) at After do interp, min=69.6523, max=69.6523, avg=69.6523
Memuse(MB) at After do interp, min=69.6523, max=69.6523, avg=69.6523
Memuse(MB) at After do interp, min=69.6523, max=69.6523, avg=69.6523
Memuse(MB) at After do interp, min=69.6523, max=69.6523, avg=69.6523
Memuse(MB) at After do interp, min=69.6719, max=69.6719, avg=69.6719
Memuse(MB) at After do interp, min=69.7227, max=69.7227, avg=69.7227
Memuse(MB) at After do interp, min=69.7227, max=69.7227, avg=69.7227
Memuse(MB) at After do interp, min=69.7227, max=69.7227, avg=69.7227
Memuse(MB) at After do interp, min=69.7227, max=69.7227, avg=69.7227
Memuse(MB) at After do interp, min=69.7227, max=69.7227, avg=69.7227
Memuse(MB) at After do interp, min=69.7695, max=69.7695, avg=69.7695
Memuse(MB) at After do interp, min=69.8203, max=69.8203, avg=69.8203
Memuse(MB) at After do interp, min=69.8203, max=69.8203, avg=69.8203
Memuse(MB) at After do interp, min=69.8203, max=69.8203, avg=69.8203
Memuse(MB) at After do interp, min=69.8203, max=69.8203, avg=69.8203
Memuse(MB) at After do interp, min=69.8203, max=69.8203, avg=69.8203
Memuse(MB) at After do interp, min=69.8203, max=69.8203, avg=69.8203
Memuse(MB) at After do interp, min=69.8203, max=69.8203, avg=69.8203
Memuse(MB) at After do interp, min=69.8398, max=69.8398, avg=69.8398
Memuse(MB) at After do interp, min=69.8906, max=69.8906, avg=69.8906
Memuse(MB) at After do interp, min=69.8906, max=69.8906, avg=69.8906
Memuse(MB) at After do interp, min=69.8906, max=69.8906, avg=69.8906
Memuse(MB) at After do interp, min=69.8906, max=69.8906, avg=69.8906
Memuse(MB) at After do interp, min=69.8906, max=69.8906, avg=69.8906
Memuse(MB) at After do interp, min=69.9414, max=69.9414, avg=69.9414
Memuse(MB) at After do interp, min=69.9883, max=69.9883, avg=69.9883
Memuse(MB) at After do interp, min=69.9883, max=69.9883, avg=69.9883
Memuse(MB) at After do interp, min=69.9883, max=69.9883, avg=69.9883
Memuse(MB) at After do interp, min=69.9883, max=69.9883, avg=69.9883
Memuse(MB) at After do interp, min=69.9883, max=69.9883, avg=69.9883
Memuse(MB) at After do interp, min=69.9883, max=69.9883, avg=69.9883
Memuse(MB) at After do interp, min=69.9883, max=69.9883, avg=69.9883
Memuse(MB) at After do interp, min=70.0117, max=70.0117, avg=70.0117
Memuse(MB) at After do interp, min=70.0586, max=70.0586, avg=70.0586
Memuse(MB) at After do interp, min=70.0586, max=70.0586, avg=70.0586
Memuse(MB) at After do interp, min=70.0586, max=70.0586, avg=70.0586
Memuse(MB) at After do interp, min=70.0586, max=70.0586, avg=70.0586
Memuse(MB) at After do interp, min=70.0586, max=70.0586, avg=70.0586
Memuse(MB) at After do interp, min=70.1094, max=70.1094, avg=70.1094
Memuse(MB) at After do interp, min=70.1602, max=70.1602, avg=70.1602
Memuse(MB) at After do interp, min=70.1602, max=70.1602, avg=70.1602
Memuse(MB) at After do interp, min=70.1602, max=70.1602, avg=70.1602
Memuse(MB) at After do interp, min=70.1602, max=70.1602, avg=70.1602
Memuse(MB) at After do interp, min=70.1602, max=70.1602, avg=70.1602
Memuse(MB) at After do interp, min=70.1602, max=70.1602, avg=70.1602
Memuse(MB) at After do interp, min=70.1602, max=70.1602, avg=70.1602
Memuse(MB) at After do interp, min=70.1797, max=70.1797, avg=70.1797
Memuse(MB) at After do interp, min=70.2305, max=70.2305, avg=70.2305
Memuse(MB) at After do interp, min=70.2305, max=70.2305, avg=70.2305
Memuse(MB) at After do interp, min=70.2305, max=70.2305, avg=70.2305
Memuse(MB) at After do interp, min=70.2305, max=70.2305, avg=70.2305
Running time for get_input, min=46.12, max=46.12, avg=46.12
Running time for do_interp, min=19.84, max=19.84, avg=19.84
Running time for write_data, min=3.68, max=3.68, avg=3.68
Successfully running fregrid and the following output file are generated.
****dailyUT.nc
fregrid time
finished regridding 5
finished moving
